::1 - - [08/May/2022:00:18:43 +0000] "GET / HTTP/1.1" 200 - "-" "Mozilla/5.0 (Macintosh; Intel Mac OS X 10_15_7) AppleWebKit/537.36 (KHTML, like Gecko) Chrome/101.0.4951.54 Safari/537.36"
::1 - - [08/May/2022:00:18:43 +0000] "GET /favicon.ico HTTP/1.1" 500 128 "http://localhost:9000/" "Mozilla/5.0 (Macintosh; Intel Mac OS X 10_15_7) AppleWebKit/537.36 (KHTML, like Gecko) Chrome/101.0.4951.54 Safari/537.36"
::1 - - [08/May/2022:00:43:46 +0000] "GET / HTTP/1.1" 200 166 "-" "Mozilla/5.0 (Macintosh; Intel Mac OS X 10_15_7) AppleWebKit/537.36 (KHTML, like Gecko) Chrome/101.0.4951.54 Safari/537.36"
::1 - - [08/May/2022:00:43:46 +0000] "GET /favicon.ico HTTP/1.1" 404 150 "http://localhost:9000/" "Mozilla/5.0 (Macintosh; Intel Mac OS X 10_15_7) AppleWebKit/537.36 (KHTML, like Gecko) Chrome/101.0.4951.54 Safari/537.36"
::1 - - [08/May/2022:00:53:29 +0000] "GET / HTTP/1.1" 304 - "-" "Mozilla/5.0 (Macintosh; Intel Mac OS X 10_15_7) AppleWebKit/537.36 (KHTML, like Gecko) Chrome/101.0.4951.54 Safari/537.36"
::1 - - [08/May/2022:00:53:48 +0000] "GET / HTTP/1.1" 304 - "-" "Mozilla/5.0 (Macintosh; Intel Mac OS X 10_15_7) AppleWebKit/537.36 (KHTML, like Gecko) Chrome/101.0.4951.54 Safari/537.36"
::1 - - [08/May/2022:00:54:02 +0000] "GET / HTTP/1.1" 304 - "-" "Mozilla/5.0 (Macintosh; Intel Mac OS X 10_15_7) AppleWebKit/537.36 (KHTML, like Gecko) Chrome/101.0.4951.54 Safari/537.36"
::1 - - [08/May/2022:00:54:14 +0000] "GET / HTTP/1.1" 200 166 "-" "Mozilla/5.0 (Macintosh; Intel Mac OS X 10_15_7) AppleWebKit/537.36 (KHTML, like Gecko) Chrome/101.0.4951.54 Safari/537.36"
::1 - - [08/May/2022:00:54:14 +0000] "GET /favicon.ico HTTP/1.1" 404 150 "http://localhost:9000/" "Mozilla/5.0 (Macintosh; Intel Mac OS X 10_15_7) AppleWebKit/537.36 (KHTML, like Gecko) Chrome/101.0.4951.54 Safari/537.36"
::1 - - [08/May/2022:00:54:16 +0000] "GET / HTTP/1.1" 304 - "-" "Mozilla/5.0 (Macintosh; Intel Mac OS X 10_15_7) AppleWebKit/537.36 (KHTML, like Gecko) Chrome/101.0.4951.54 Safari/537.36"
::1 - - [08/May/2022:00:55:11 +0000] "GET / HTTP/1.1" 304 - "-" "Mozilla/5.0 (Macintosh; Intel Mac OS X 10_15_7) AppleWebKit/537.36 (KHTML, like Gecko) Chrome/101.0.4951.54 Safari/537.36"
::1 - - [08/May/2022:00:55:28 +0000] "GET / HTTP/1.1" 304 - "-" "Mozilla/5.0 (Macintosh; Intel Mac OS X 10_15_7) AppleWebKit/537.36 (KHTML, like Gecko) Chrome/101.0.4951.54 Safari/537.36"
::1 - - [08/May/2022:00:55:43 +0000] "GET / HTTP/1.1" 304 - "-" "Mozilla/5.0 (Macintosh; Intel Mac OS X 10_15_7) AppleWebKit/537.36 (KHTML, like Gecko) Chrome/101.0.4951.54 Safari/537.36"
::1 - - [08/May/2022:00:56:58 +0000] "GET / HTTP/1.1" 304 - "-" "Mozilla/5.0 (Macintosh; Intel Mac OS X 10_15_7) AppleWebKit/537.36 (KHTML, like Gecko) Chrome/101.0.4951.54 Safari/537.36"
::1 - - [08/May/2022:00:57:03 +0000] "GET / HTTP/1.1" 304 - "-" "Mozilla/5.0 (Macintosh; Intel Mac OS X 10_15_7) AppleWebKit/537.36 (KHTML, like Gecko) Chrome/101.0.4951.54 Safari/537.36"
::1 - - [08/May/2022:00:58:22 +0000] "GET / HTTP/1.1" 200 - "-" "Mozilla/5.0 (Macintosh; Intel Mac OS X 10_15_7) AppleWebKit/537.36 (KHTML, like Gecko) Chrome/101.0.4951.54 Safari/537.36"
::1 - - [08/May/2022:01:03:38 +0000] "GET / HTTP/1.1" 200 261 "-" "Mozilla/5.0 (Macintosh; Intel Mac OS X 10_15_7) AppleWebKit/537.36 (KHTML, like Gecko) Chrome/101.0.4951.54 Safari/537.36"
::1 - - [08/May/2022:01:06:55 +0000] "GET / HTTP/1.1" 304 - "-" "Mozilla/5.0 (Macintosh; Intel Mac OS X 10_15_7) AppleWebKit/537.36 (KHTML, like Gecko) Chrome/101.0.4951.54 Safari/537.36"
::1 - - [08/May/2022:01:07:09 +0000] "GET / HTTP/1.1" 200 303 "-" "Mozilla/5.0 (Macintosh; Intel Mac OS X 10_15_7) AppleWebKit/537.36 (KHTML, like Gecko) Chrome/101.0.4951.54 Safari/537.36"
::1 - - [08/May/2022:01:08:04 +0000] "GET / HTTP/1.1" 200 320 "-" "Mozilla/5.0 (Macintosh; Intel Mac OS X 10_15_7) AppleWebKit/537.36 (KHTML, like Gecko) Chrome/101.0.4951.54 Safari/537.36"
::1 - - [08/May/2022:01:08:04 +0000] "GET /style/common.css HTTP/1.1" 404 155 "http://localhost:9000/" "Mozilla/5.0 (Macintosh; Intel Mac OS X 10_15_7) AppleWebKit/537.36 (KHTML, like Gecko) Chrome/101.0.4951.54 Safari/537.36"
::1 - - [08/May/2022:01:09:29 +0000] "GET / HTTP/1.1" 200 318 "-" "Mozilla/5.0 (Macintosh; Intel Mac OS X 10_15_7) AppleWebKit/537.36 (KHTML, like Gecko) Chrome/101.0.4951.54 Safari/537.36"
::1 - - [08/May/2022:01:09:29 +0000] "GET /css/common.css HTTP/1.1" 200 31 "http://localhost:9000/" "Mozilla/5.0 (Macintosh; Intel Mac OS X 10_15_7) AppleWebKit/537.36 (KHTML, like Gecko) Chrome/101.0.4951.54 Safari/537.36"
::1 - - [08/May/2022:01:09:31 +0000] "GET /item/all HTTP/1.1" 404 147 "http://localhost:9000/" "Mozilla/5.0 (Macintosh; Intel Mac OS X 10_15_7) AppleWebKit/537.36 (KHTML, like Gecko) Chrome/101.0.4951.54 Safari/537.36"
::1 - - [08/May/2022:01:09:33 +0000] "GET /css/common.css HTTP/1.1" 304 - "http://localhost:9000/" "Mozilla/5.0 (Macintosh; Intel Mac OS X 10_15_7) AppleWebKit/537.36 (KHTML, like Gecko) Chrome/101.0.4951.54 Safari/537.36"
::1 - - [08/May/2022:01:09:58 +0000] "GET / HTTP/1.1" 304 - "-" "Mozilla/5.0 (Macintosh; Intel Mac OS X 10_15_7) AppleWebKit/537.36 (KHTML, like Gecko) Chrome/101.0.4951.54 Safari/537.36"
::1 - - [08/May/2022:01:09:58 +0000] "GET /css/common.css HTTP/1.1" 304 - "http://localhost:9000/" "Mozilla/5.0 (Macintosh; Intel Mac OS X 10_15_7) AppleWebKit/537.36 (KHTML, like Gecko) Chrome/101.0.4951.54 Safari/537.36"
::1 - - [08/May/2022:01:10:00 +0000] "GET / HTTP/1.1" 304 - "-" "Mozilla/5.0 (Macintosh; Intel Mac OS X 10_15_7) AppleWebKit/537.36 (KHTML, like Gecko) Chrome/101.0.4951.54 Safari/537.36"
::1 - - [08/May/2022:01:10:00 +0000] "GET /css/common.css HTTP/1.1" 304 - "http://localhost:9000/" "Mozilla/5.0 (Macintosh; Intel Mac OS X 10_15_7) AppleWebKit/537.36 (KHTML, like Gecko) Chrome/101.0.4951.54 Safari/537.36"
::1 - - [08/May/2022:01:10:02 +0000] "GET /item/all HTTP/1.1" 200 - "http://localhost:9000/" "Mozilla/5.0 (Macintosh; Intel Mac OS X 10_15_7) AppleWebKit/537.36 (KHTML, like Gecko) Chrome/101.0.4951.54 Safari/537.36"
::1 - - [08/May/2022:01:24:16 +0000] "GET / HTTP/1.1" 200 800 "-" "Mozilla/5.0 (Macintosh; Intel Mac OS X 10_15_7) AppleWebKit/537.36 (KHTML, like Gecko) Chrome/101.0.4951.54 Safari/537.36"
::1 - - [08/May/2022:01:24:16 +0000] "GET /css/common.css HTTP/1.1" 304 - "http://localhost:9000/" "Mozilla/5.0 (Macintosh; Intel Mac OS X 10_15_7) AppleWebKit/537.36 (KHTML, like Gecko) Chrome/101.0.4951.54 Safari/537.36"
::1 - - [08/May/2022:01:24:18 +0000] "GET /item/all HTTP/1.1" 304 - "http://localhost:9000/" "Mozilla/5.0 (Macintosh; Intel Mac OS X 10_15_7) AppleWebKit/537.36 (KHTML, like Gecko) Chrome/101.0.4951.54 Safari/537.36"
::1 - - [08/May/2022:01:25:06 +0000] "GET / HTTP/1.1" 200 850 "-" "Mozilla/5.0 (Macintosh; Intel Mac OS X 10_15_7) AppleWebKit/537.36 (KHTML, like Gecko) Chrome/101.0.4951.54 Safari/537.36"
::1 - - [08/May/2022:01:25:06 +0000] "GET /css/common.css HTTP/1.1" 304 - "http://localhost:9000/" "Mozilla/5.0 (Macintosh; Intel Mac OS X 10_15_7) AppleWebKit/537.36 (KHTML, like Gecko) Chrome/101.0.4951.54 Safari/537.36"
::1 - - [08/May/2022:01:25:07 +0000] "GET /item/all HTTP/1.1" 304 - "http://localhost:9000/" "Mozilla/5.0 (Macintosh; Intel Mac OS X 10_15_7) AppleWebKit/537.36 (KHTML, like Gecko) Chrome/101.0.4951.54 Safari/537.36"
::1 - - [08/May/2022:01:39:36 +0000] "GET / HTTP/1.1" 200 - "-" "Mozilla/5.0 (Macintosh; Intel Mac OS X 10_15_7) AppleWebKit/537.36 (KHTML, like Gecko) Chrome/101.0.4951.54 Safari/537.36"
::1 - - [08/May/2022:01:39:36 +0000] "GET /css/common.css HTTP/1.1" 304 - "http://localhost:9000/" "Mozilla/5.0 (Macintosh; Intel Mac OS X 10_15_7) AppleWebKit/537.36 (KHTML, like Gecko) Chrome/101.0.4951.54 Safari/537.36"
::1 - - [08/May/2022:01:39:38 +0000] "GET /item/all HTTP/1.1" 304 - "http://localhost:9000/" "Mozilla/5.0 (Macintosh; Intel Mac OS X 10_15_7) AppleWebKit/537.36 (KHTML, like Gecko) Chrome/101.0.4951.54 Safari/537.36"
::1 - - [08/May/2022:01:42:01 +0000] "GET /item/all HTTP/1.1" 304 - "http://localhost:9000/" "Mozilla/5.0 (Macintosh; Intel Mac OS X 10_15_7) AppleWebKit/537.36 (KHTML, like Gecko) Chrome/101.0.4951.54 Safari/537.36"
::1 - - [08/May/2022:01:42:02 +0000] "GET / HTTP/1.1" 200 - "-" "Mozilla/5.0 (Macintosh; Intel Mac OS X 10_15_7) AppleWebKit/537.36 (KHTML, like Gecko) Chrome/101.0.4951.54 Safari/537.36"
::1 - - [08/May/2022:01:42:02 +0000] "GET /css/common.css HTTP/1.1" 304 - "http://localhost:9000/" "Mozilla/5.0 (Macintosh; Intel Mac OS X 10_15_7) AppleWebKit/537.36 (KHTML, like Gecko) Chrome/101.0.4951.54 Safari/537.36"
::1 - - [08/May/2022:01:42:04 +0000] "GET /item/all HTTP/1.1" 304 - "http://localhost:9000/" "Mozilla/5.0 (Macintosh; Intel Mac OS X 10_15_7) AppleWebKit/537.36 (KHTML, like Gecko) Chrome/101.0.4951.54 Safari/537.36"
::1 - - [08/May/2022:01:42:24 +0000] "GET / HTTP/1.1" 200 - "-" "Mozilla/5.0 (Macintosh; Intel Mac OS X 10_15_7) AppleWebKit/537.36 (KHTML, like Gecko) Chrome/101.0.4951.54 Safari/537.36"
::1 - - [08/May/2022:01:42:26 +0000] "GET / HTTP/1.1" 304 - "-" "Mozilla/5.0 (Macintosh; Intel Mac OS X 10_15_7) AppleWebKit/537.36 (KHTML, like Gecko) Chrome/101.0.4951.54 Safari/537.36"
::1 - - [08/May/2022:01:42:34 +0000] "GET / HTTP/1.1" 200 - "-" "Mozilla/5.0 (Macintosh; Intel Mac OS X 10_15_7) AppleWebKit/537.36 (KHTML, like Gecko) Chrome/101.0.4951.54 Safari/537.36"
::1 - - [08/May/2022:01:42:34 +0000] "GET /css/common.css HTTP/1.1" 304 - "http://localhost:9000/" "Mozilla/5.0 (Macintosh; Intel Mac OS X 10_15_7) AppleWebKit/537.36 (KHTML, like Gecko) Chrome/101.0.4951.54 Safari/537.36"
::1 - - [08/May/2022:01:42:36 +0000] "GET /item/all HTTP/1.1" 304 - "http://localhost:9000/" "Mozilla/5.0 (Macintosh; Intel Mac OS X 10_15_7) AppleWebKit/537.36 (KHTML, like Gecko) Chrome/101.0.4951.54 Safari/537.36"
::1 - - [08/May/2022:01:45:33 +0000] "GET / HTTP/1.1" 200 - "-" "Mozilla/5.0 (Macintosh; Intel Mac OS X 10_15_7) AppleWebKit/537.36 (KHTML, like Gecko) Chrome/101.0.4951.54 Safari/537.36"
::1 - - [08/May/2022:01:45:33 +0000] "GET /css/common.css HTTP/1.1" 304 - "http://localhost:9000/" "Mozilla/5.0 (Macintosh; Intel Mac OS X 10_15_7) AppleWebKit/537.36 (KHTML, like Gecko) Chrome/101.0.4951.54 Safari/537.36"
::1 - - [08/May/2022:01:45:35 +0000] "GET /item/all HTTP/1.1" 304 - "http://localhost:9000/" "Mozilla/5.0 (Macintosh; Intel Mac OS X 10_15_7) AppleWebKit/537.36 (KHTML, like Gecko) Chrome/101.0.4951.54 Safari/537.36"
::1 - - [08/May/2022:01:45:56 +0000] "GET / HTTP/1.1" 304 - "-" "Mozilla/5.0 (Macintosh; Intel Mac OS X 10_15_7) AppleWebKit/537.36 (KHTML, like Gecko) Chrome/101.0.4951.54 Safari/537.36"
::1 - - [08/May/2022:01:45:56 +0000] "GET /css/common.css HTTP/1.1" 200 256 "http://localhost:9000/" "Mozilla/5.0 (Macintosh; Intel Mac OS X 10_15_7) AppleWebKit/537.36 (KHTML, like Gecko) Chrome/101.0.4951.54 Safari/537.36"
::1 - - [08/May/2022:01:45:58 +0000] "GET /item/all HTTP/1.1" 304 - "http://localhost:9000/" "Mozilla/5.0 (Macintosh; Intel Mac OS X 10_15_7) AppleWebKit/537.36 (KHTML, like Gecko) Chrome/101.0.4951.54 Safari/537.36"
::1 - - [08/May/2022:01:53:18 +0000] "GET /item/list HTTP/1.1" 404 148 "-" "Mozilla/5.0 (Macintosh; Intel Mac OS X 10_15_7) AppleWebKit/537.36 (KHTML, like Gecko) Chrome/101.0.4951.54 Safari/537.36"
::1 - - [08/May/2022:01:53:28 +0000] "GET /item/list HTTP/1.1" 200 819 "-" "Mozilla/5.0 (Macintosh; Intel Mac OS X 10_15_7) AppleWebKit/537.36 (KHTML, like Gecko) Chrome/101.0.4951.54 Safari/537.36"
::1 - - [08/May/2022:01:54:03 +0000] "GET /item/list?pageno=2 HTTP/1.1" 200 819 "-" "Mozilla/5.0 (Macintosh; Intel Mac OS X 10_15_7) AppleWebKit/537.36 (KHTML, like Gecko) Chrome/101.0.4951.54 Safari/537.36"
::1 - - [08/May/2022:01:56:35 +0000] "GET /item/list? HTTP/1.1" 200 819 "-" "Mozilla/5.0 (Macintosh; Intel Mac OS X 10_15_7) AppleWebKit/537.36 (KHTML, like Gecko) Chrome/101.0.4951.54 Safari/537.36"
::1 - - [08/May/2022:01:56:44 +0000] "GET /item/list?pageno=2&count=5 HTTP/1.1" 200 788 "-" "Mozilla/5.0 (Macintosh; Intel Mac OS X 10_15_7) AppleWebKit/537.36 (KHTML, like Gecko) Chrome/101.0.4951.54 Safari/537.36"
::1 - - [08/May/2022:01:56:49 +0000] "GET /item/list?pageno=2&count=10 HTTP/1.1" 200 - "-" "Mozilla/5.0 (Macintosh; Intel Mac OS X 10_15_7) AppleWebKit/537.36 (KHTML, like Gecko) Chrome/101.0.4951.54 Safari/537.36"
::1 - - [08/May/2022:01:56:52 +0000] "GET /item/list?count=10 HTTP/1.1" 200 - "-" "Mozilla/5.0 (Macintosh; Intel Mac OS X 10_15_7) AppleWebKit/537.36 (KHTML, like Gecko) Chrome/101.0.4951.54 Safari/537.36"
::1 - - [08/May/2022:01:57:20 +0000] "GET /item/list?pageno=2 HTTP/1.1" 200 788 "-" "Mozilla/5.0 (Macintosh; Intel Mac OS X 10_15_7) AppleWebKit/537.36 (KHTML, like Gecko) Chrome/101.0.4951.54 Safari/537.36"
::1 - - [08/May/2022:02:02:38 +0000] "GET /item/list?pageno=2 HTTP/1.1" 304 - "-" "Mozilla/5.0 (Macintosh; Intel Mac OS X 10_15_7) AppleWebKit/537.36 (KHTML, like Gecko) Chrome/101.0.4951.54 Safari/537.36"
::1 - - [08/May/2022:02:02:44 +0000] "GET / HTTP/1.1" 200 - "-" "Mozilla/5.0 (Macintosh; Intel Mac OS X 10_15_7) AppleWebKit/537.36 (KHTML, like Gecko) Chrome/101.0.4951.54 Safari/537.36"
::1 - - [08/May/2022:02:02:44 +0000] "GET /css/common.css HTTP/1.1" 304 - "http://localhost:9000/" "Mozilla/5.0 (Macintosh; Intel Mac OS X 10_15_7) AppleWebKit/537.36 (KHTML, like Gecko) Chrome/101.0.4951.54 Safari/537.36"
::1 - - [08/May/2022:02:02:46 +0000] "GET /item/list HTTP/1.1" 304 - "http://localhost:9000/" "Mozilla/5.0 (Macintosh; Intel Mac OS X 10_15_7) AppleWebKit/537.36 (KHTML, like Gecko) Chrome/101.0.4951.54 Safari/537.36"
::1 - - [08/May/2022:02:02:47 +0000] "GET /item/list HTTP/1.1" 304 - "http://localhost:9000/" "Mozilla/5.0 (Macintosh; Intel Mac OS X 10_15_7) AppleWebKit/537.36 (KHTML, like Gecko) Chrome/101.0.4951.54 Safari/537.36"
::1 - - [08/May/2022:02:08:27 +0000] "GET / HTTP/1.1" 200 - "-" "Mozilla/5.0 (Macintosh; Intel Mac OS X 10_15_7) AppleWebKit/537.36 (KHTML, like Gecko) Chrome/101.0.4951.54 Safari/537.36"
::1 - - [08/May/2022:02:08:27 +0000] "GET /css/common.css HTTP/1.1" 304 - "http://localhost:9000/" "Mozilla/5.0 (Macintosh; Intel Mac OS X 10_15_7) AppleWebKit/537.36 (KHTML, like Gecko) Chrome/101.0.4951.54 Safari/537.36"
::1 - - [08/May/2022:02:08:28 +0000] "GET /item/list HTTP/1.1" 304 - "http://localhost:9000/" "Mozilla/5.0 (Macintosh; Intel Mac OS X 10_15_7) AppleWebKit/537.36 (KHTML, like Gecko) Chrome/101.0.4951.54 Safari/537.36"
::1 - - [08/May/2022:02:08:29 +0000] "GET /item/list HTTP/1.1" 304 - "http://localhost:9000/" "Mozilla/5.0 (Macintosh; Intel Mac OS X 10_15_7) AppleWebKit/537.36 (KHTML, like Gecko) Chrome/101.0.4951.54 Safari/537.36"
::1 - - [08/May/2022:02:08:30 +0000] "GET /item/list HTTP/1.1" 304 - "http://localhost:9000/" "Mozilla/5.0 (Macintosh; Intel Mac OS X 10_15_7) AppleWebKit/537.36 (KHTML, like Gecko) Chrome/101.0.4951.54 Safari/537.36"
::1 - - [08/May/2022:02:08:52 +0000] "GET / HTTP/1.1" 200 - "-" "Mozilla/5.0 (Macintosh; Intel Mac OS X 10_15_7) AppleWebKit/537.36 (KHTML, like Gecko) Chrome/101.0.4951.54 Safari/537.36"
::1 - - [08/May/2022:02:08:52 +0000] "GET /css/common.css HTTP/1.1" 304 - "http://localhost:9000/" "Mozilla/5.0 (Macintosh; Intel Mac OS X 10_15_7) AppleWebKit/537.36 (KHTML, like Gecko) Chrome/101.0.4951.54 Safari/537.36"
::1 - - [08/May/2022:02:08:53 +0000] "GET /item/list HTTP/1.1" 304 - "http://localhost:9000/" "Mozilla/5.0 (Macintosh; Intel Mac OS X 10_15_7) AppleWebKit/537.36 (KHTML, like Gecko) Chrome/101.0.4951.54 Safari/537.36"
::1 - - [08/May/2022:02:08:55 +0000] "GET /item/list HTTP/1.1" 304 - "http://localhost:9000/" "Mozilla/5.0 (Macintosh; Intel Mac OS X 10_15_7) AppleWebKit/537.36 (KHTML, like Gecko) Chrome/101.0.4951.54 Safari/537.36"
::1 - - [08/May/2022:02:08:57 +0000] "GET /item/list HTTP/1.1" 304 - "http://localhost:9000/" "Mozilla/5.0 (Macintosh; Intel Mac OS X 10_15_7) AppleWebKit/537.36 (KHTML, like Gecko) Chrome/101.0.4951.54 Safari/537.36"
::1 - - [08/May/2022:02:08:58 +0000] "GET /item/list HTTP/1.1" 304 - "http://localhost:9000/" "Mozilla/5.0 (Macintosh; Intel Mac OS X 10_15_7) AppleWebKit/537.36 (KHTML, like Gecko) Chrome/101.0.4951.54 Safari/537.36"
::1 - - [08/May/2022:02:09:24 +0000] "GET / HTTP/1.1" 200 - "-" "Mozilla/5.0 (Macintosh; Intel Mac OS X 10_15_7) AppleWebKit/537.36 (KHTML, like Gecko) Chrome/101.0.4951.54 Safari/537.36"
::1 - - [08/May/2022:02:09:24 +0000] "GET /css/common.css HTTP/1.1" 304 - "http://localhost:9000/" "Mozilla/5.0 (Macintosh; Intel Mac OS X 10_15_7) AppleWebKit/537.36 (KHTML, like Gecko) Chrome/101.0.4951.54 Safari/537.36"
::1 - - [08/May/2022:02:09:25 +0000] "GET /item/list HTTP/1.1" 304 - "http://localhost:9000/" "Mozilla/5.0 (Macintosh; Intel Mac OS X 10_15_7) AppleWebKit/537.36 (KHTML, like Gecko) Chrome/101.0.4951.54 Safari/537.36"
::1 - - [08/May/2022:02:09:26 +0000] "GET /item/list HTTP/1.1" 304 - "http://localhost:9000/" "Mozilla/5.0 (Macintosh; Intel Mac OS X 10_15_7) AppleWebKit/537.36 (KHTML, like Gecko) Chrome/101.0.4951.54 Safari/537.36"
::1 - - [08/May/2022:02:09:29 +0000] "GET /css/common.css HTTP/1.1" 304 - "http://localhost:9000/" "Mozilla/5.0 (Macintosh; Intel Mac OS X 10_15_7) AppleWebKit/537.36 (KHTML, like Gecko) Chrome/101.0.4951.54 Safari/537.36"
::1 - - [08/May/2022:02:09:44 +0000] "GET / HTTP/1.1" 200 - "-" "Mozilla/5.0 (Macintosh; Intel Mac OS X 10_15_7) AppleWebKit/537.36 (KHTML, like Gecko) Chrome/101.0.4951.54 Safari/537.36"
::1 - - [08/May/2022:02:09:44 +0000] "GET /css/common.css HTTP/1.1" 304 - "http://localhost:9000/" "Mozilla/5.0 (Macintosh; Intel Mac OS X 10_15_7) AppleWebKit/537.36 (KHTML, like Gecko) Chrome/101.0.4951.54 Safari/537.36"
::1 - - [08/May/2022:02:09:45 +0000] "GET /item/list HTTP/1.1" 304 - "http://localhost:9000/" "Mozilla/5.0 (Macintosh; Intel Mac OS X 10_15_7) AppleWebKit/537.36 (KHTML, like Gecko) Chrome/101.0.4951.54 Safari/537.36"
::1 - - [08/May/2022:02:09:48 +0000] "GET /item/list HTTP/1.1" 304 - "http://localhost:9000/" "Mozilla/5.0 (Macintosh; Intel Mac OS X 10_15_7) AppleWebKit/537.36 (KHTML, like Gecko) Chrome/101.0.4951.54 Safari/537.36"
::1 - - [08/May/2022:02:09:50 +0000] "GET /item/list HTTP/1.1" 304 - "http://localhost:9000/" "Mozilla/5.0 (Macintosh; Intel Mac OS X 10_15_7) AppleWebKit/537.36 (KHTML, like Gecko) Chrome/101.0.4951.54 Safari/537.36"
::1 - - [08/May/2022:02:10:17 +0000] "GET / HTTP/1.1" 304 - "-" "Mozilla/5.0 (Macintosh; Intel Mac OS X 10_15_7) AppleWebKit/537.36 (KHTML, like Gecko) Chrome/101.0.4951.54 Safari/537.36"
::1 - - [08/May/2022:02:10:17 +0000] "GET /css/common.css HTTP/1.1" 304 - "http://localhost:9000/" "Mozilla/5.0 (Macintosh; Intel Mac OS X 10_15_7) AppleWebKit/537.36 (KHTML, like Gecko) Chrome/101.0.4951.54 Safari/537.36"
::1 - - [08/May/2022:02:10:19 +0000] "GET / HTTP/1.1" 304 - "-" "Mozilla/5.0 (Macintosh; Intel Mac OS X 10_15_7) AppleWebKit/537.36 (KHTML, like Gecko) Chrome/101.0.4951.54 Safari/537.36"
::1 - - [08/May/2022:02:10:19 +0000] "GET /css/common.css HTTP/1.1" 304 - "http://localhost:9000/" "Mozilla/5.0 (Macintosh; Intel Mac OS X 10_15_7) AppleWebKit/537.36 (KHTML, like Gecko) Chrome/101.0.4951.54 Safari/537.36"
::1 - - [08/May/2022:02:10:20 +0000] "GET /item/list HTTP/1.1" 304 - "http://localhost:9000/" "Mozilla/5.0 (Macintosh; Intel Mac OS X 10_15_7) AppleWebKit/537.36 (KHTML, like Gecko) Chrome/101.0.4951.54 Safari/537.36"
::1 - - [08/May/2022:02:10:25 +0000] "GET /item/list HTTP/1.1" 304 - "http://localhost:9000/" "Mozilla/5.0 (Macintosh; Intel Mac OS X 10_15_7) AppleWebKit/537.36 (KHTML, like Gecko) Chrome/101.0.4951.54 Safari/537.36"
::1 - - [08/May/2022:02:11:15 +0000] "GET / HTTP/1.1" 200 - "-" "Mozilla/5.0 (Macintosh; Intel Mac OS X 10_15_7) AppleWebKit/537.36 (KHTML, like Gecko) Chrome/101.0.4951.54 Safari/537.36"
::1 - - [08/May/2022:02:11:15 +0000] "GET /css/common.css HTTP/1.1" 304 - "http://localhost:9000/" "Mozilla/5.0 (Macintosh; Intel Mac OS X 10_15_7) AppleWebKit/537.36 (KHTML, like Gecko) Chrome/101.0.4951.54 Safari/537.36"
::1 - - [08/May/2022:02:11:16 +0000] "GET /item/list HTTP/1.1" 304 - "http://localhost:9000/" "Mozilla/5.0 (Macintosh; Intel Mac OS X 10_15_7) AppleWebKit/537.36 (KHTML, like Gecko) Chrome/101.0.4951.54 Safari/537.36"
::1 - - [08/May/2022:02:11:19 +0000] "GET /item/list HTTP/1.1" 304 - "http://localhost:9000/" "Mozilla/5.0 (Macintosh; Intel Mac OS X 10_15_7) AppleWebKit/537.36 (KHTML, like Gecko) Chrome/101.0.4951.54 Safari/537.36"
::1 - - [08/May/2022:02:12:16 +0000] "GET / HTTP/1.1" 200 - "-" "Mozilla/5.0 (Macintosh; Intel Mac OS X 10_15_7) AppleWebKit/537.36 (KHTML, like Gecko) Chrome/101.0.4951.54 Safari/537.36"
::1 - - [08/May/2022:02:12:16 +0000] "GET /css/common.css HTTP/1.1" 304 - "http://localhost:9000/" "Mozilla/5.0 (Macintosh; Intel Mac OS X 10_15_7) AppleWebKit/537.36 (KHTML, like Gecko) Chrome/101.0.4951.54 Safari/537.36"
::1 - - [08/May/2022:02:13:19 +0000] "GET / HTTP/1.1" 200 - "-" "Mozilla/5.0 (Macintosh; Intel Mac OS X 10_15_7) AppleWebKit/537.36 (KHTML, like Gecko) Chrome/101.0.4951.54 Safari/537.36"
::1 - - [08/May/2022:02:13:19 +0000] "GET /css/common.css HTTP/1.1" 304 - "http://localhost:9000/" "Mozilla/5.0 (Macintosh; Intel Mac OS X 10_15_7) AppleWebKit/537.36 (KHTML, like Gecko) Chrome/101.0.4951.54 Safari/537.36"
::1 - - [08/May/2022:02:13:20 +0000] "GET /item/list?pageno=1&count=5 HTTP/1.1" 200 819 "http://localhost:9000/" "Mozilla/5.0 (Macintosh; Intel Mac OS X 10_15_7) AppleWebKit/537.36 (KHTML, like Gecko) Chrome/101.0.4951.54 Safari/537.36"
::1 - - [08/May/2022:02:13:23 +0000] "GET /item/list?pageno=2&count=5 HTTP/1.1" 304 - "http://localhost:9000/" "Mozilla/5.0 (Macintosh; Intel Mac OS X 10_15_7) AppleWebKit/537.36 (KHTML, like Gecko) Chrome/101.0.4951.54 Safari/537.36"
::1 - - [08/May/2022:02:13:25 +0000] "GET /item/list?pageno=3&count=5 HTTP/1.1" 200 857 "http://localhost:9000/" "Mozilla/5.0 (Macintosh; Intel Mac OS X 10_15_7) AppleWebKit/537.36 (KHTML, like Gecko) Chrome/101.0.4951.54 Safari/537.36"
::1 - - [08/May/2022:02:18:57 +0000] "GET / HTTP/1.1" 200 - "-" "Mozilla/5.0 (Macintosh; Intel Mac OS X 10_15_7) AppleWebKit/537.36 (KHTML, like Gecko) Chrome/101.0.4951.54 Safari/537.36"
::1 - - [08/May/2022:02:18:57 +0000] "GET /css/common.css HTTP/1.1" 304 - "http://localhost:9000/" "Mozilla/5.0 (Macintosh; Intel Mac OS X 10_15_7) AppleWebKit/537.36 (KHTML, like Gecko) Chrome/101.0.4951.54 Safari/537.36"
::1 - - [08/May/2022:02:18:58 +0000] "GET /item/list?pageno=1&count=5 HTTP/1.1" 304 - "http://localhost:9000/" "Mozilla/5.0 (Macintosh; Intel Mac OS X 10_15_7) AppleWebKit/537.36 (KHTML, like Gecko) Chrome/101.0.4951.54 Safari/537.36"
::1 - - [08/May/2022:02:19:01 +0000] "GET /item/list?pageno=2&count=5 HTTP/1.1" 304 - "http://localhost:9000/" "Mozilla/5.0 (Macintosh; Intel Mac OS X 10_15_7) AppleWebKit/537.36 (KHTML, like Gecko) Chrome/101.0.4951.54 Safari/537.36"
::1 - - [08/May/2022:02:19:04 +0000] "GET /item/list?pageno=3&count=5 HTTP/1.1" 304 - "http://localhost:9000/" "Mozilla/5.0 (Macintosh; Intel Mac OS X 10_15_7) AppleWebKit/537.36 (KHTML, like Gecko) Chrome/101.0.4951.54 Safari/537.36"
::1 - - [08/May/2022:02:19:06 +0000] "GET /item/list?pageno=4&count=5 HTTP/1.1" 200 790 "http://localhost:9000/" "Mozilla/5.0 (Macintosh; Intel Mac OS X 10_15_7) AppleWebKit/537.36 (KHTML, like Gecko) Chrome/101.0.4951.54 Safari/537.36"
::1 - - [08/May/2022:02:19:10 +0000] "GET /item/list?pageno=5&count=5 HTTP/1.1" 200 815 "http://localhost:9000/" "Mozilla/5.0 (Macintosh; Intel Mac OS X 10_15_7) AppleWebKit/537.36 (KHTML, like Gecko) Chrome/101.0.4951.54 Safari/537.36"
::1 - - [08/May/2022:02:19:12 +0000] "GET /item/list?pageno=6&count=5 HTTP/1.1" 200 783 "http://localhost:9000/" "Mozilla/5.0 (Macintosh; Intel Mac OS X 10_15_7) AppleWebKit/537.36 (KHTML, like Gecko) Chrome/101.0.4951.54 Safari/537.36"
::1 - - [08/May/2022:02:19:38 +0000] "GET / HTTP/1.1" 200 - "-" "Mozilla/5.0 (Macintosh; Intel Mac OS X 10_15_7) AppleWebKit/537.36 (KHTML, like Gecko) Chrome/101.0.4951.54 Safari/537.36"
::1 - - [08/May/2022:02:19:38 +0000] "GET /css/common.css HTTP/1.1" 304 - "http://localhost:9000/" "Mozilla/5.0 (Macintosh; Intel Mac OS X 10_15_7) AppleWebKit/537.36 (KHTML, like Gecko) Chrome/101.0.4951.54 Safari/537.36"
::1 - - [08/May/2022:02:19:39 +0000] "GET /item/list?pageno=1&count=5 HTTP/1.1" 304 - "http://localhost:9000/" "Mozilla/5.0 (Macintosh; Intel Mac OS X 10_15_7) AppleWebKit/537.36 (KHTML, like Gecko) Chrome/101.0.4951.54 Safari/537.36"
::1 - - [08/May/2022:02:19:49 +0000] "GET / HTTP/1.1" 200 - "-" "Mozilla/5.0 (Macintosh; Intel Mac OS X 10_15_7) AppleWebKit/537.36 (KHTML, like Gecko) Chrome/101.0.4951.54 Safari/537.36"
::1 - - [08/May/2022:02:19:49 +0000] "GET /css/common.css HTTP/1.1" 304 - "http://localhost:9000/" "Mozilla/5.0 (Macintosh; Intel Mac OS X 10_15_7) AppleWebKit/537.36 (KHTML, like Gecko) Chrome/101.0.4951.54 Safari/537.36"
::1 - - [08/May/2022:02:19:50 +0000] "GET /item/list?pageno=1&count=5 HTTP/1.1" 304 - "http://localhost:9000/" "Mozilla/5.0 (Macintosh; Intel Mac OS X 10_15_7) AppleWebKit/537.36 (KHTML, like Gecko) Chrome/101.0.4951.54 Safari/537.36"
::1 - - [08/May/2022:02:19:53 +0000] "GET /item/list?pageno=2&count=5 HTTP/1.1" 304 - "http://localhost:9000/" "Mozilla/5.0 (Macintosh; Intel Mac OS X 10_15_7) AppleWebKit/537.36 (KHTML, like Gecko) Chrome/101.0.4951.54 Safari/537.36"
::1 - - [08/May/2022:02:19:55 +0000] "GET /item/list?pageno=3&count=5 HTTP/1.1" 304 - "http://localhost:9000/" "Mozilla/5.0 (Macintosh; Intel Mac OS X 10_15_7) AppleWebKit/537.36 (KHTML, like Gecko) Chrome/101.0.4951.54 Safari/537.36"
::1 - - [08/May/2022:02:19:56 +0000] "GET /item/list?pageno=4&count=5 HTTP/1.1" 304 - "http://localhost:9000/" "Mozilla/5.0 (Macintosh; Intel Mac OS X 10_15_7) AppleWebKit/537.36 (KHTML, like Gecko) Chrome/101.0.4951.54 Safari/537.36"
::1 - - [08/May/2022:02:19:58 +0000] "GET /item/list?pageno=5&count=5 HTTP/1.1" 304 - "http://localhost:9000/" "Mozilla/5.0 (Macintosh; Intel Mac OS X 10_15_7) AppleWebKit/537.36 (KHTML, like Gecko) Chrome/101.0.4951.54 Safari/537.36"
::1 - - [08/May/2022:02:20:00 +0000] "GET /item/list?pageno=6&count=5 HTTP/1.1" 304 - "http://localhost:9000/" "Mozilla/5.0 (Macintosh; Intel Mac OS X 10_15_7) AppleWebKit/537.36 (KHTML, like Gecko) Chrome/101.0.4951.54 Safari/537.36"
::1 - - [08/May/2022:02:20:53 +0000] "GET / HTTP/1.1" 200 - "-" "Mozilla/5.0 (Macintosh; Intel Mac OS X 10_15_7) AppleWebKit/537.36 (KHTML, like Gecko) Chrome/101.0.4951.54 Safari/537.36"
::1 - - [08/May/2022:02:20:53 +0000] "GET /css/common.css HTTP/1.1" 304 - "http://localhost:9000/" "Mozilla/5.0 (Macintosh; Intel Mac OS X 10_15_7) AppleWebKit/537.36 (KHTML, like Gecko) Chrome/101.0.4951.54 Safari/537.36"
::1 - - [08/May/2022:02:20:55 +0000] "GET /item/list?pageno=1&count=5 HTTP/1.1" 304 - "http://localhost:9000/" "Mozilla/5.0 (Macintosh; Intel Mac OS X 10_15_7) AppleWebKit/537.36 (KHTML, like Gecko) Chrome/101.0.4951.54 Safari/537.36"
::1 - - [08/May/2022:02:20:57 +0000] "GET /item/list?pageno=2&count=5 HTTP/1.1" 304 - "http://localhost:9000/" "Mozilla/5.0 (Macintosh; Intel Mac OS X 10_15_7) AppleWebKit/537.36 (KHTML, like Gecko) Chrome/101.0.4951.54 Safari/537.36"
::1 - - [08/May/2022:02:20:58 +0000] "GET /item/list?pageno=3&count=5 HTTP/1.1" 304 - "http://localhost:9000/" "Mozilla/5.0 (Macintosh; Intel Mac OS X 10_15_7) AppleWebKit/537.36 (KHTML, like Gecko) Chrome/101.0.4951.54 Safari/537.36"
::1 - - [08/May/2022:02:20:59 +0000] "GET /item/list?pageno=4&count=5 HTTP/1.1" 304 - "http://localhost:9000/" "Mozilla/5.0 (Macintosh; Intel Mac OS X 10_15_7) AppleWebKit/537.36 (KHTML, like Gecko) Chrome/101.0.4951.54 Safari/537.36"
::1 - - [08/May/2022:02:20:59 +0000] "GET /item/list?pageno=5&count=5 HTTP/1.1" 304 - "http://localhost:9000/" "Mozilla/5.0 (Macintosh; Intel Mac OS X 10_15_7) AppleWebKit/537.36 (KHTML, like Gecko) Chrome/101.0.4951.54 Safari/537.36"
::1 - - [08/May/2022:02:20:59 +0000] "GET /item/list?pageno=6&count=5 HTTP/1.1" 304 - "http://localhost:9000/" "Mozilla/5.0 (Macintosh; Intel Mac OS X 10_15_7) AppleWebKit/537.36 (KHTML, like Gecko) Chrome/101.0.4951.54 Safari/537.36"
::1 - - [08/May/2022:02:21:15 +0000] "GET / HTTP/1.1" 200 - "-" "Mozilla/5.0 (Macintosh; Intel Mac OS X 10_15_7) AppleWebKit/537.36 (KHTML, like Gecko) Chrome/101.0.4951.54 Safari/537.36"
::1 - - [08/May/2022:02:21:15 +0000] "GET /css/common.css HTTP/1.1" 304 - "http://localhost:9000/" "Mozilla/5.0 (Macintosh; Intel Mac OS X 10_15_7) AppleWebKit/537.36 (KHTML, like Gecko) Chrome/101.0.4951.54 Safari/537.36"
::1 - - [08/May/2022:02:21:17 +0000] "GET /item/list?pageno=1&count=5 HTTP/1.1" 304 - "http://localhost:9000/" "Mozilla/5.0 (Macintosh; Intel Mac OS X 10_15_7) AppleWebKit/537.36 (KHTML, like Gecko) Chrome/101.0.4951.54 Safari/537.36"
::1 - - [08/May/2022:02:22:03 +0000] "GET / HTTP/1.1" 200 - "-" "Mozilla/5.0 (Macintosh; Intel Mac OS X 10_15_7) AppleWebKit/537.36 (KHTML, like Gecko) Chrome/101.0.4951.54 Safari/537.36"
::1 - - [08/May/2022:02:22:03 +0000] "GET /css/common.css HTTP/1.1" 304 - "http://localhost:9000/" "Mozilla/5.0 (Macintosh; Intel Mac OS X 10_15_7) AppleWebKit/537.36 (KHTML, like Gecko) Chrome/101.0.4951.54 Safari/537.36"
::1 - - [08/May/2022:02:22:04 +0000] "GET /item/list?pageno=1&count=5 HTTP/1.1" 304 - "http://localhost:9000/" "Mozilla/5.0 (Macintosh; Intel Mac OS X 10_15_7) AppleWebKit/537.36 (KHTML, like Gecko) Chrome/101.0.4951.54 Safari/537.36"
::1 - - [08/May/2022:02:22:05 +0000] "GET /item/list?pageno=2&count=5 HTTP/1.1" 304 - "http://localhost:9000/" "Mozilla/5.0 (Macintosh; Intel Mac OS X 10_15_7) AppleWebKit/537.36 (KHTML, like Gecko) Chrome/101.0.4951.54 Safari/537.36"
::1 - - [08/May/2022:02:22:06 +0000] "GET /item/list?pageno=3&count=5 HTTP/1.1" 304 - "http://localhost:9000/" "Mozilla/5.0 (Macintosh; Intel Mac OS X 10_15_7) AppleWebKit/537.36 (KHTML, like Gecko) Chrome/101.0.4951.54 Safari/537.36"
::1 - - [08/May/2022:02:22:06 +0000] "GET /item/list?pageno=4&count=5 HTTP/1.1" 304 - "http://localhost:9000/" "Mozilla/5.0 (Macintosh; Intel Mac OS X 10_15_7) AppleWebKit/537.36 (KHTML, like Gecko) Chrome/101.0.4951.54 Safari/537.36"
::1 - - [08/May/2022:02:22:07 +0000] "GET /item/list?pageno=5&count=5 HTTP/1.1" 304 - "http://localhost:9000/" "Mozilla/5.0 (Macintosh; Intel Mac OS X 10_15_7) AppleWebKit/537.36 (KHTML, like Gecko) Chrome/101.0.4951.54 Safari/537.36"
::1 - - [08/May/2022:02:22:08 +0000] "GET /item/list?pageno=6&count=5 HTTP/1.1" 304 - "http://localhost:9000/" "Mozilla/5.0 (Macintosh; Intel Mac OS X 10_15_7) AppleWebKit/537.36 (KHTML, like Gecko) Chrome/101.0.4951.54 Safari/537.36"
::1 - - [08/May/2022:02:23:25 +0000] "GET / HTTP/1.1" 200 - "-" "Mozilla/5.0 (Macintosh; Intel Mac OS X 10_15_7) AppleWebKit/537.36 (KHTML, like Gecko) Chrome/101.0.4951.54 Safari/537.36"
::1 - - [08/May/2022:02:23:25 +0000] "GET /css/common.css HTTP/1.1" 304 - "http://localhost:9000/" "Mozilla/5.0 (Macintosh; Intel Mac OS X 10_15_7) AppleWebKit/537.36 (KHTML, like Gecko) Chrome/101.0.4951.54 Safari/537.36"
::1 - - [08/May/2022:02:23:26 +0000] "GET /item/list?pageno=1&count=5 HTTP/1.1" 304 - "http://localhost:9000/" "Mozilla/5.0 (Macintosh; Intel Mac OS X 10_15_7) AppleWebKit/537.36 (KHTML, like Gecko) Chrome/101.0.4951.54 Safari/537.36"
::1 - - [08/May/2022:02:23:44 +0000] "GET / HTTP/1.1" 200 - "-" "Mozilla/5.0 (Macintosh; Intel Mac OS X 10_15_7) AppleWebKit/537.36 (KHTML, like Gecko) Chrome/101.0.4951.54 Safari/537.36"
::1 - - [08/May/2022:02:23:44 +0000] "GET /css/common.css HTTP/1.1" 304 - "http://localhost:9000/" "Mozilla/5.0 (Macintosh; Intel Mac OS X 10_15_7) AppleWebKit/537.36 (KHTML, like Gecko) Chrome/101.0.4951.54 Safari/537.36"
::1 - - [08/May/2022:02:23:46 +0000] "GET /item/list?pageno=1&count=5 HTTP/1.1" 304 - "http://localhost:9000/" "Mozilla/5.0 (Macintosh; Intel Mac OS X 10_15_7) AppleWebKit/537.36 (KHTML, like Gecko) Chrome/101.0.4951.54 Safari/537.36"
::1 - - [08/May/2022:02:25:19 +0000] "GET / HTTP/1.1" 200 - "-" "Mozilla/5.0 (Macintosh; Intel Mac OS X 10_15_7) AppleWebKit/537.36 (KHTML, like Gecko) Chrome/101.0.4951.54 Safari/537.36"
::1 - - [08/May/2022:02:25:19 +0000] "GET /css/common.css HTTP/1.1" 304 - "http://localhost:9000/" "Mozilla/5.0 (Macintosh; Intel Mac OS X 10_15_7) AppleWebKit/537.36 (KHTML, like Gecko) Chrome/101.0.4951.54 Safari/537.36"
::1 - - [08/May/2022:02:25:20 +0000] "GET /item/list?pageno=1&count=5 HTTP/1.1" 304 - "http://localhost:9000/" "Mozilla/5.0 (Macintosh; Intel Mac OS X 10_15_7) AppleWebKit/537.36 (KHTML, like Gecko) Chrome/101.0.4951.54 Safari/537.36"
::1 - - [08/May/2022:02:25:35 +0000] "GET /item/list?pageno=2&count=5 HTTP/1.1" 304 - "http://localhost:9000/" "Mozilla/5.0 (Macintosh; Intel Mac OS X 10_15_7) AppleWebKit/537.36 (KHTML, like Gecko) Chrome/101.0.4951.54 Safari/537.36"
::1 - - [08/May/2022:02:25:42 +0000] "GET /item/list?pageno=3&count=5 HTTP/1.1" 304 - "http://localhost:9000/" "Mozilla/5.0 (Macintosh; Intel Mac OS X 10_15_7) AppleWebKit/537.36 (KHTML, like Gecko) Chrome/101.0.4951.54 Safari/537.36"
::1 - - [08/May/2022:02:25:43 +0000] "GET /item/list?pageno=4&count=5 HTTP/1.1" 304 - "http://localhost:9000/" "Mozilla/5.0 (Macintosh; Intel Mac OS X 10_15_7) AppleWebKit/537.36 (KHTML, like Gecko) Chrome/101.0.4951.54 Safari/537.36"
::1 - - [08/May/2022:02:25:44 +0000] "GET /item/list?pageno=5&count=5 HTTP/1.1" 304 - "http://localhost:9000/" "Mozilla/5.0 (Macintosh; Intel Mac OS X 10_15_7) AppleWebKit/537.36 (KHTML, like Gecko) Chrome/101.0.4951.54 Safari/537.36"
::1 - - [08/May/2022:02:25:44 +0000] "GET /item/list?pageno=6&count=5 HTTP/1.1" 304 - "http://localhost:9000/" "Mozilla/5.0 (Macintosh; Intel Mac OS X 10_15_7) AppleWebKit/537.36 (KHTML, like Gecko) Chrome/101.0.4951.54 Safari/537.36"
::1 - - [08/May/2022:02:27:08 +0000] "GET / HTTP/1.1" 200 - "-" "Mozilla/5.0 (Macintosh; Intel Mac OS X 10_15_7) AppleWebKit/537.36 (KHTML, like Gecko) Chrome/101.0.4951.54 Safari/537.36"
::1 - - [08/May/2022:02:27:08 +0000] "GET /css/common.css HTTP/1.1" 304 - "http://localhost:9000/" "Mozilla/5.0 (Macintosh; Intel Mac OS X 10_15_7) AppleWebKit/537.36 (KHTML, like Gecko) Chrome/101.0.4951.54 Safari/537.36"
::1 - - [08/May/2022:02:27:09 +0000] "GET /item/list?pageno=1&count=5 HTTP/1.1" 304 - "http://localhost:9000/" "Mozilla/5.0 (Macintosh; Intel Mac OS X 10_15_7) AppleWebKit/537.36 (KHTML, like Gecko) Chrome/101.0.4951.54 Safari/537.36"
::1 - - [08/May/2022:02:27:11 +0000] "GET /item/list?pageno=2&count=5 HTTP/1.1" 304 - "http://localhost:9000/" "Mozilla/5.0 (Macintosh; Intel Mac OS X 10_15_7) AppleWebKit/537.36 (KHTML, like Gecko) Chrome/101.0.4951.54 Safari/537.36"
::1 - - [08/May/2022:02:27:14 +0000] "GET /item/list?pageno=2&count=5 HTTP/1.1" 304 - "http://localhost:9000/" "Mozilla/5.0 (Macintosh; Intel Mac OS X 10_15_7) AppleWebKit/537.36 (KHTML, like Gecko) Chrome/101.0.4951.54 Safari/537.36"
::1 - - [08/May/2022:02:29:16 +0000] "GET / HTTP/1.1" 200 - "-" "Mozilla/5.0 (Macintosh; Intel Mac OS X 10_15_7) AppleWebKit/537.36 (KHTML, like Gecko) Chrome/101.0.4951.54 Safari/537.36"
::1 - - [08/May/2022:02:29:16 +0000] "GET /css/common.css HTTP/1.1" 304 - "http://localhost:9000/" "Mozilla/5.0 (Macintosh; Intel Mac OS X 10_15_7) AppleWebKit/537.36 (KHTML, like Gecko) Chrome/101.0.4951.54 Safari/537.36"
::1 - - [08/May/2022:02:29:17 +0000] "GET /item/list?pageno=1&count=5 HTTP/1.1" 304 - "http://localhost:9000/" "Mozilla/5.0 (Macintosh; Intel Mac OS X 10_15_7) AppleWebKit/537.36 (KHTML, like Gecko) Chrome/101.0.4951.54 Safari/537.36"
::1 - - [08/May/2022:02:29:19 +0000] "GET /item/list?pageno=1&count=5 HTTP/1.1" 304 - "http://localhost:9000/" "Mozilla/5.0 (Macintosh; Intel Mac OS X 10_15_7) AppleWebKit/537.36 (KHTML, like Gecko) Chrome/101.0.4951.54 Safari/537.36"
::1 - - [08/May/2022:02:30:49 +0000] "GET / HTTP/1.1" 200 - "-" "Mozilla/5.0 (Macintosh; Intel Mac OS X 10_15_7) AppleWebKit/537.36 (KHTML, like Gecko) Chrome/101.0.4951.54 Safari/537.36"
::1 - - [08/May/2022:02:30:49 +0000] "GET /css/common.css HTTP/1.1" 304 - "http://localhost:9000/" "Mozilla/5.0 (Macintosh; Intel Mac OS X 10_15_7) AppleWebKit/537.36 (KHTML, like Gecko) Chrome/101.0.4951.54 Safari/537.36"
::1 - - [08/May/2022:02:30:50 +0000] "GET /item/list?pageno=1&count=5 HTTP/1.1" 304 - "http://localhost:9000/" "Mozilla/5.0 (Macintosh; Intel Mac OS X 10_15_7) AppleWebKit/537.36 (KHTML, like Gecko) Chrome/101.0.4951.54 Safari/537.36"
::1 - - [08/May/2022:02:30:51 +0000] "GET /item/list?pageno=1&count=5 HTTP/1.1" 304 - "http://localhost:9000/" "Mozilla/5.0 (Macintosh; Intel Mac OS X 10_15_7) AppleWebKit/537.36 (KHTML, like Gecko) Chrome/101.0.4951.54 Safari/537.36"
::1 - - [08/May/2022:02:34:53 +0000] "GET / HTTP/1.1" 200 - "-" "Mozilla/5.0 (Macintosh; Intel Mac OS X 10_15_7) AppleWebKit/537.36 (KHTML, like Gecko) Chrome/101.0.4951.54 Safari/537.36"
::1 - - [08/May/2022:02:34:53 +0000] "GET /css/common.css HTTP/1.1" 304 - "http://localhost:9000/" "Mozilla/5.0 (Macintosh; Intel Mac OS X 10_15_7) AppleWebKit/537.36 (KHTML, like Gecko) Chrome/101.0.4951.54 Safari/537.36"
::1 - - [08/May/2022:02:34:54 +0000] "GET /item/list?pageno=1&count=5 HTTP/1.1" 304 - "http://localhost:9000/" "Mozilla/5.0 (Macintosh; Intel Mac OS X 10_15_7) AppleWebKit/537.36 (KHTML, like Gecko) Chrome/101.0.4951.54 Safari/537.36"
::1 - - [08/May/2022:02:34:55 +0000] "GET /item/list?pageno=1&count=5 HTTP/1.1" 304 - "http://localhost:9000/" "Mozilla/5.0 (Macintosh; Intel Mac OS X 10_15_7) AppleWebKit/537.36 (KHTML, like Gecko) Chrome/101.0.4951.54 Safari/537.36"
::1 - - [08/May/2022:02:37:44 +0000] "GET / HTTP/1.1" 200 - "-" "Mozilla/5.0 (Macintosh; Intel Mac OS X 10_15_7) AppleWebKit/537.36 (KHTML, like Gecko) Chrome/101.0.4951.54 Safari/537.36"
::1 - - [08/May/2022:02:37:44 +0000] "GET /css/common.css HTTP/1.1" 304 - "http://localhost:9000/" "Mozilla/5.0 (Macintosh; Intel Mac OS X 10_15_7) AppleWebKit/537.36 (KHTML, like Gecko) Chrome/101.0.4951.54 Safari/537.36"
::1 - - [08/May/2022:02:37:45 +0000] "GET /item/list?pageno=1&count=5 HTTP/1.1" 304 - "http://localhost:9000/" "Mozilla/5.0 (Macintosh; Intel Mac OS X 10_15_7) AppleWebKit/537.36 (KHTML, like Gecko) Chrome/101.0.4951.54 Safari/537.36"
::1 - - [08/May/2022:02:40:54 +0000] "GET / HTTP/1.1" 200 - "-" "Mozilla/5.0 (Macintosh; Intel Mac OS X 10_15_7) AppleWebKit/537.36 (KHTML, like Gecko) Chrome/101.0.4951.54 Safari/537.36"
::1 - - [08/May/2022:02:40:54 +0000] "GET /css/common.css HTTP/1.1" 304 - "http://localhost:9000/" "Mozilla/5.0 (Macintosh; Intel Mac OS X 10_15_7) AppleWebKit/537.36 (KHTML, like Gecko) Chrome/101.0.4951.54 Safari/537.36"
::1 - - [08/May/2022:02:40:55 +0000] "GET /item/list?pageno=1&count=5 HTTP/1.1" 304 - "http://localhost:9000/" "Mozilla/5.0 (Macintosh; Intel Mac OS X 10_15_7) AppleWebKit/537.36 (KHTML, like Gecko) Chrome/101.0.4951.54 Safari/537.36"
::1 - - [08/May/2022:02:41:22 +0000] "GET / HTTP/1.1" 200 - "-" "Mozilla/5.0 (Macintosh; Intel Mac OS X 10_15_7) AppleWebKit/537.36 (KHTML, like Gecko) Chrome/101.0.4951.54 Safari/537.36"
::1 - - [08/May/2022:02:41:22 +0000] "GET /css/common.css HTTP/1.1" 304 - "http://localhost:9000/" "Mozilla/5.0 (Macintosh; Intel Mac OS X 10_15_7) AppleWebKit/537.36 (KHTML, like Gecko) Chrome/101.0.4951.54 Safari/537.36"
::1 - - [08/May/2022:02:41:23 +0000] "GET /item/list?pageno=1&count=5 HTTP/1.1" 304 - "http://localhost:9000/" "Mozilla/5.0 (Macintosh; Intel Mac OS X 10_15_7) AppleWebKit/537.36 (KHTML, like Gecko) Chrome/101.0.4951.54 Safari/537.36"
::1 - - [08/May/2022:02:42:02 +0000] "GET / HTTP/1.1" 200 - "-" "Mozilla/5.0 (Macintosh; Intel Mac OS X 10_15_7) AppleWebKit/537.36 (KHTML, like Gecko) Chrome/101.0.4951.54 Safari/537.36"
::1 - - [08/May/2022:02:42:02 +0000] "GET /css/common.css HTTP/1.1" 304 - "http://localhost:9000/" "Mozilla/5.0 (Macintosh; Intel Mac OS X 10_15_7) AppleWebKit/537.36 (KHTML, like Gecko) Chrome/101.0.4951.54 Safari/537.36"
::1 - - [08/May/2022:02:42:03 +0000] "GET /item/list?pageno=1&count=5 HTTP/1.1" 304 - "http://localhost:9000/" "Mozilla/5.0 (Macintosh; Intel Mac OS X 10_15_7) AppleWebKit/537.36 (KHTML, like Gecko) Chrome/101.0.4951.54 Safari/537.36"
::1 - - [08/May/2022:02:42:23 +0000] "GET / HTTP/1.1" 200 - "-" "Mozilla/5.0 (Macintosh; Intel Mac OS X 10_15_7) AppleWebKit/537.36 (KHTML, like Gecko) Chrome/101.0.4951.54 Safari/537.36"
::1 - - [08/May/2022:02:42:23 +0000] "GET /css/common.css HTTP/1.1" 304 - "http://localhost:9000/" "Mozilla/5.0 (Macintosh; Intel Mac OS X 10_15_7) AppleWebKit/537.36 (KHTML, like Gecko) Chrome/101.0.4951.54 Safari/537.36"
::1 - - [08/May/2022:02:42:25 +0000] "GET /item/list?pageno=1&count=5 HTTP/1.1" 304 - "http://localhost:9000/" "Mozilla/5.0 (Macintosh; Intel Mac OS X 10_15_7) AppleWebKit/537.36 (KHTML, like Gecko) Chrome/101.0.4951.54 Safari/537.36"
::1 - - [08/May/2022:02:48:56 +0000] "GET / HTTP/1.1" 200 - "-" "Mozilla/5.0 (Macintosh; Intel Mac OS X 10_15_7) AppleWebKit/537.36 (KHTML, like Gecko) Chrome/101.0.4951.54 Safari/537.36"
::1 - - [08/May/2022:02:48:56 +0000] "GET /css/common.css HTTP/1.1" 304 - "http://localhost:9000/" "Mozilla/5.0 (Macintosh; Intel Mac OS X 10_15_7) AppleWebKit/537.36 (KHTML, like Gecko) Chrome/101.0.4951.54 Safari/537.36"
::1 - - [08/May/2022:02:48:57 +0000] "GET /item/list?pageno=1&count=5 HTTP/1.1" 304 - "http://localhost:9000/" "Mozilla/5.0 (Macintosh; Intel Mac OS X 10_15_7) AppleWebKit/537.36 (KHTML, like Gecko) Chrome/101.0.4951.54 Safari/537.36"
::1 - - [08/May/2022:02:48:59 +0000] "GET /item/list?pageno=2&count=5 HTTP/1.1" 304 - "http://localhost:9000/" "Mozilla/5.0 (Macintosh; Intel Mac OS X 10_15_7) AppleWebKit/537.36 (KHTML, like Gecko) Chrome/101.0.4951.54 Safari/537.36"
::1 - - [08/May/2022:02:52:18 +0000] "GET / HTTP/1.1" 200 - "-" "Mozilla/5.0 (Macintosh; Intel Mac OS X 10_15_7) AppleWebKit/537.36 (KHTML, like Gecko) Chrome/101.0.4951.54 Safari/537.36"
::1 - - [08/May/2022:02:52:18 +0000] "GET /css/common.css HTTP/1.1" 304 - "http://localhost:9000/" "Mozilla/5.0 (Macintosh; Intel Mac OS X 10_15_7) AppleWebKit/537.36 (KHTML, like Gecko) Chrome/101.0.4951.54 Safari/537.36"
::1 - - [08/May/2022:02:52:19 +0000] "GET /item/list?pageno=1&count=5 HTTP/1.1" 304 - "http://localhost:9000/" "Mozilla/5.0 (Macintosh; Intel Mac OS X 10_15_7) AppleWebKit/537.36 (KHTML, like Gecko) Chrome/101.0.4951.54 Safari/537.36"
::1 - - [08/May/2022:02:52:25 +0000] "GET /item/list?pageno=2&count=5 HTTP/1.1" 304 - "http://localhost:9000/" "Mozilla/5.0 (Macintosh; Intel Mac OS X 10_15_7) AppleWebKit/537.36 (KHTML, like Gecko) Chrome/101.0.4951.54 Safari/537.36"
::1 - - [08/May/2022:02:53:36 +0000] "GET / HTTP/1.1" 200 - "-" "Mozilla/5.0 (Macintosh; Intel Mac OS X 10_15_7) AppleWebKit/537.36 (KHTML, like Gecko) Chrome/101.0.4951.54 Safari/537.36"
::1 - - [08/May/2022:02:53:36 +0000] "GET /css/common.css HTTP/1.1" 304 - "http://localhost:9000/" "Mozilla/5.0 (Macintosh; Intel Mac OS X 10_15_7) AppleWebKit/537.36 (KHTML, like Gecko) Chrome/101.0.4951.54 Safari/537.36"
::1 - - [08/May/2022:02:53:37 +0000] "GET /item/list?pageno=1&count=5 HTTP/1.1" 304 - "http://localhost:9000/" "Mozilla/5.0 (Macintosh; Intel Mac OS X 10_15_7) AppleWebKit/537.36 (KHTML, like Gecko) Chrome/101.0.4951.54 Safari/537.36"
::1 - - [08/May/2022:02:53:39 +0000] "GET /item/list?pageno=2&count=5 HTTP/1.1" 304 - "http://localhost:9000/" "Mozilla/5.0 (Macintosh; Intel Mac OS X 10_15_7) AppleWebKit/537.36 (KHTML, like Gecko) Chrome/101.0.4951.54 Safari/537.36"
::1 - - [08/May/2022:02:56:38 +0000] "GET / HTTP/1.1" 200 - "-" "Mozilla/5.0 (Macintosh; Intel Mac OS X 10_15_7) AppleWebKit/537.36 (KHTML, like Gecko) Chrome/101.0.4951.54 Safari/537.36"
::1 - - [08/May/2022:02:56:38 +0000] "GET /css/common.css HTTP/1.1" 304 - "http://localhost:9000/" "Mozilla/5.0 (Macintosh; Intel Mac OS X 10_15_7) AppleWebKit/537.36 (KHTML, like Gecko) Chrome/101.0.4951.54 Safari/537.36"
::1 - - [08/May/2022:02:56:39 +0000] "GET /item/list?pageno=1&count=5 HTTP/1.1" 304 - "http://localhost:9000/" "Mozilla/5.0 (Macintosh; Intel Mac OS X 10_15_7) AppleWebKit/537.36 (KHTML, like Gecko) Chrome/101.0.4951.54 Safari/537.36"
::1 - - [08/May/2022:02:56:41 +0000] "GET /item/list?pageno=2&count=5 HTTP/1.1" 304 - "http://localhost:9000/" "Mozilla/5.0 (Macintosh; Intel Mac OS X 10_15_7) AppleWebKit/537.36 (KHTML, like Gecko) Chrome/101.0.4951.54 Safari/537.36"
::1 - - [08/May/2022:02:57:02 +0000] "GET / HTTP/1.1" 200 - "-" "Mozilla/5.0 (Macintosh; Intel Mac OS X 10_15_7) AppleWebKit/537.36 (KHTML, like Gecko) Chrome/101.0.4951.54 Safari/537.36"
::1 - - [08/May/2022:02:57:02 +0000] "GET /css/common.css HTTP/1.1" 304 - "http://localhost:9000/" "Mozilla/5.0 (Macintosh; Intel Mac OS X 10_15_7) AppleWebKit/537.36 (KHTML, like Gecko) Chrome/101.0.4951.54 Safari/537.36"
::1 - - [08/May/2022:02:57:03 +0000] "GET /item/list?pageno=1&count=5 HTTP/1.1" 304 - "http://localhost:9000/" "Mozilla/5.0 (Macintosh; Intel Mac OS X 10_15_7) AppleWebKit/537.36 (KHTML, like Gecko) Chrome/101.0.4951.54 Safari/537.36"
::1 - - [08/May/2022:02:57:04 +0000] "GET /item/list?pageno=2&count=5 HTTP/1.1" 304 - "http://localhost:9000/" "Mozilla/5.0 (Macintosh; Intel Mac OS X 10_15_7) AppleWebKit/537.36 (KHTML, like Gecko) Chrome/101.0.4951.54 Safari/537.36"
::1 - - [08/May/2022:02:57:23 +0000] "GET / HTTP/1.1" 200 - "-" "Mozilla/5.0 (Macintosh; Intel Mac OS X 10_15_7) AppleWebKit/537.36 (KHTML, like Gecko) Chrome/101.0.4951.54 Safari/537.36"
::1 - - [08/May/2022:02:57:23 +0000] "GET /css/common.css HTTP/1.1" 304 - "http://localhost:9000/" "Mozilla/5.0 (Macintosh; Intel Mac OS X 10_15_7) AppleWebKit/537.36 (KHTML, like Gecko) Chrome/101.0.4951.54 Safari/537.36"
::1 - - [08/May/2022:02:57:24 +0000] "GET /item/list?pageno=1&count=5 HTTP/1.1" 304 - "http://localhost:9000/" "Mozilla/5.0 (Macintosh; Intel Mac OS X 10_15_7) AppleWebKit/537.36 (KHTML, like Gecko) Chrome/101.0.4951.54 Safari/537.36"
::1 - - [08/May/2022:02:57:25 +0000] "GET /item/list?pageno=2&count=5 HTTP/1.1" 304 - "http://localhost:9000/" "Mozilla/5.0 (Macintosh; Intel Mac OS X 10_15_7) AppleWebKit/537.36 (KHTML, like Gecko) Chrome/101.0.4951.54 Safari/537.36"
::1 - - [08/May/2022:02:58:49 +0000] "GET / HTTP/1.1" 200 - "-" "Mozilla/5.0 (Macintosh; Intel Mac OS X 10_15_7) AppleWebKit/537.36 (KHTML, like Gecko) Chrome/101.0.4951.54 Safari/537.36"
::1 - - [08/May/2022:02:58:50 +0000] "GET /css/common.css HTTP/1.1" 304 - "http://localhost:9000/" "Mozilla/5.0 (Macintosh; Intel Mac OS X 10_15_7) AppleWebKit/537.36 (KHTML, like Gecko) Chrome/101.0.4951.54 Safari/537.36"
::1 - - [08/May/2022:02:58:51 +0000] "GET /item/list?pageno=1&count=5 HTTP/1.1" 304 - "http://localhost:9000/" "Mozilla/5.0 (Macintosh; Intel Mac OS X 10_15_7) AppleWebKit/537.36 (KHTML, like Gecko) Chrome/101.0.4951.54 Safari/537.36"
::1 - - [08/May/2022:02:58:52 +0000] "GET /item/list?pageno=2&count=5 HTTP/1.1" 304 - "http://localhost:9000/" "Mozilla/5.0 (Macintosh; Intel Mac OS X 10_15_7) AppleWebKit/537.36 (KHTML, like Gecko) Chrome/101.0.4951.54 Safari/537.36"
::1 - - [08/May/2022:02:59:05 +0000] "GET / HTTP/1.1" 200 - "-" "Mozilla/5.0 (Macintosh; Intel Mac OS X 10_15_7) AppleWebKit/537.36 (KHTML, like Gecko) Chrome/101.0.4951.54 Safari/537.36"
::1 - - [08/May/2022:02:59:05 +0000] "GET /css/common.css HTTP/1.1" 304 - "http://localhost:9000/" "Mozilla/5.0 (Macintosh; Intel Mac OS X 10_15_7) AppleWebKit/537.36 (KHTML, like Gecko) Chrome/101.0.4951.54 Safari/537.36"
::1 - - [08/May/2022:02:59:06 +0000] "GET /item/list?pageno=1&count=5 HTTP/1.1" 304 - "http://localhost:9000/" "Mozilla/5.0 (Macintosh; Intel Mac OS X 10_15_7) AppleWebKit/537.36 (KHTML, like Gecko) Chrome/101.0.4951.54 Safari/537.36"
::1 - - [08/May/2022:02:59:07 +0000] "GET /item/list?pageno=2&count=5 HTTP/1.1" 304 - "http://localhost:9000/" "Mozilla/5.0 (Macintosh; Intel Mac OS X 10_15_7) AppleWebKit/537.36 (KHTML, like Gecko) Chrome/101.0.4951.54 Safari/537.36"
::1 - - [08/May/2022:03:00:07 +0000] "GET / HTTP/1.1" 200 - "-" "Mozilla/5.0 (Macintosh; Intel Mac OS X 10_15_7) AppleWebKit/537.36 (KHTML, like Gecko) Chrome/101.0.4951.54 Safari/537.36"
::1 - - [08/May/2022:03:00:07 +0000] "GET /css/common.css HTTP/1.1" 304 - "http://localhost:9000/" "Mozilla/5.0 (Macintosh; Intel Mac OS X 10_15_7) AppleWebKit/537.36 (KHTML, like Gecko) Chrome/101.0.4951.54 Safari/537.36"
::1 - - [08/May/2022:03:00:08 +0000] "GET /item/list?pageno=1&count=5 HTTP/1.1" 304 - "http://localhost:9000/" "Mozilla/5.0 (Macintosh; Intel Mac OS X 10_15_7) AppleWebKit/537.36 (KHTML, like Gecko) Chrome/101.0.4951.54 Safari/537.36"
::1 - - [08/May/2022:03:00:10 +0000] "GET /item/list?pageno=2&count=5 HTTP/1.1" 304 - "http://localhost:9000/" "Mozilla/5.0 (Macintosh; Intel Mac OS X 10_15_7) AppleWebKit/537.36 (KHTML, like Gecko) Chrome/101.0.4951.54 Safari/537.36"
::1 - - [08/May/2022:03:00:19 +0000] "GET /item/list?pageno=3&count=5 HTTP/1.1" 304 - "http://localhost:9000/" "Mozilla/5.0 (Macintosh; Intel Mac OS X 10_15_7) AppleWebKit/537.36 (KHTML, like Gecko) Chrome/101.0.4951.54 Safari/537.36"
::1 - - [08/May/2022:03:01:05 +0000] "GET / HTTP/1.1" 200 - "-" "Mozilla/5.0 (Macintosh; Intel Mac OS X 10_15_7) AppleWebKit/537.36 (KHTML, like Gecko) Chrome/101.0.4951.54 Safari/537.36"
::1 - - [08/May/2022:03:01:05 +0000] "GET /css/common.css HTTP/1.1" 304 - "http://localhost:9000/" "Mozilla/5.0 (Macintosh; Intel Mac OS X 10_15_7) AppleWebKit/537.36 (KHTML, like Gecko) Chrome/101.0.4951.54 Safari/537.36"
::1 - - [08/May/2022:03:01:06 +0000] "GET /item/list?pageno=1&count=5 HTTP/1.1" 304 - "http://localhost:9000/" "Mozilla/5.0 (Macintosh; Intel Mac OS X 10_15_7) AppleWebKit/537.36 (KHTML, like Gecko) Chrome/101.0.4951.54 Safari/537.36"
::1 - - [08/May/2022:03:01:07 +0000] "GET /item/list?pageno=2&count=5 HTTP/1.1" 304 - "http://localhost:9000/" "Mozilla/5.0 (Macintosh; Intel Mac OS X 10_15_7) AppleWebKit/537.36 (KHTML, like Gecko) Chrome/101.0.4951.54 Safari/537.36"
::1 - - [08/May/2022:03:01:09 +0000] "GET /item/list?pageno=3&count=5 HTTP/1.1" 304 - "http://localhost:9000/" "Mozilla/5.0 (Macintosh; Intel Mac OS X 10_15_7) AppleWebKit/537.36 (KHTML, like Gecko) Chrome/101.0.4951.54 Safari/537.36"
::1 - - [08/May/2022:03:01:11 +0000] "GET /item/list?pageno=4&count=5 HTTP/1.1" 304 - "http://localhost:9000/" "Mozilla/5.0 (Macintosh; Intel Mac OS X 10_15_7) AppleWebKit/537.36 (KHTML, like Gecko) Chrome/101.0.4951.54 Safari/537.36"
::1 - - [08/May/2022:03:01:12 +0000] "GET /item/list?pageno=5&count=5 HTTP/1.1" 304 - "http://localhost:9000/" "Mozilla/5.0 (Macintosh; Intel Mac OS X 10_15_7) AppleWebKit/537.36 (KHTML, like Gecko) Chrome/101.0.4951.54 Safari/537.36"
::1 - - [08/May/2022:03:01:14 +0000] "GET /item/list?pageno=6&count=5 HTTP/1.1" 304 - "http://localhost:9000/" "Mozilla/5.0 (Macintosh; Intel Mac OS X 10_15_7) AppleWebKit/537.36 (KHTML, like Gecko) Chrome/101.0.4951.54 Safari/537.36"
::1 - - [08/May/2022:03:01:15 +0000] "GET /item/list?pageno=7&count=5 HTTP/1.1" 200 22 "http://localhost:9000/" "Mozilla/5.0 (Macintosh; Intel Mac OS X 10_15_7) AppleWebKit/537.36 (KHTML, like Gecko) Chrome/101.0.4951.54 Safari/537.36"
::1 - - [08/May/2022:03:02:38 +0000] "GET / HTTP/1.1" 200 - "-" "Mozilla/5.0 (Macintosh; Intel Mac OS X 10_15_7) AppleWebKit/537.36 (KHTML, like Gecko) Chrome/101.0.4951.54 Safari/537.36"
::1 - - [08/May/2022:03:02:38 +0000] "GET /css/common.css HTTP/1.1" 304 - "http://localhost:9000/" "Mozilla/5.0 (Macintosh; Intel Mac OS X 10_15_7) AppleWebKit/537.36 (KHTML, like Gecko) Chrome/101.0.4951.54 Safari/537.36"
::1 - - [08/May/2022:03:02:39 +0000] "GET /item/list?pageno=1&count=5 HTTP/1.1" 304 - "http://localhost:9000/" "Mozilla/5.0 (Macintosh; Intel Mac OS X 10_15_7) AppleWebKit/537.36 (KHTML, like Gecko) Chrome/101.0.4951.54 Safari/537.36"
::1 - - [08/May/2022:03:02:40 +0000] "GET /item/list?pageno=2&count=5 HTTP/1.1" 304 - "http://localhost:9000/" "Mozilla/5.0 (Macintosh; Intel Mac OS X 10_15_7) AppleWebKit/537.36 (KHTML, like Gecko) Chrome/101.0.4951.54 Safari/537.36"
::1 - - [08/May/2022:03:04:19 +0000] "GET / HTTP/1.1" 200 - "-" "Mozilla/5.0 (Macintosh; Intel Mac OS X 10_15_7) AppleWebKit/537.36 (KHTML, like Gecko) Chrome/101.0.4951.54 Safari/537.36"
::1 - - [08/May/2022:03:04:19 +0000] "GET /css/common.css HTTP/1.1" 304 - "http://localhost:9000/" "Mozilla/5.0 (Macintosh; Intel Mac OS X 10_15_7) AppleWebKit/537.36 (KHTML, like Gecko) Chrome/101.0.4951.54 Safari/537.36"
::1 - - [08/May/2022:03:04:21 +0000] "GET /item/list?pageno=1&count=5 HTTP/1.1" 304 - "http://localhost:9000/" "Mozilla/5.0 (Macintosh; Intel Mac OS X 10_15_7) AppleWebKit/537.36 (KHTML, like Gecko) Chrome/101.0.4951.54 Safari/537.36"
::1 - - [08/May/2022:03:04:52 +0000] "GET / HTTP/1.1" 200 - "-" "Mozilla/5.0 (Macintosh; Intel Mac OS X 10_15_7) AppleWebKit/537.36 (KHTML, like Gecko) Chrome/101.0.4951.54 Safari/537.36"
::1 - - [08/May/2022:03:04:52 +0000] "GET /css/common.css HTTP/1.1" 304 - "http://localhost:9000/" "Mozilla/5.0 (Macintosh; Intel Mac OS X 10_15_7) AppleWebKit/537.36 (KHTML, like Gecko) Chrome/101.0.4951.54 Safari/537.36"
::1 - - [08/May/2022:03:04:54 +0000] "GET /item/list?pageno=1&count=5 HTTP/1.1" 304 - "http://localhost:9000/" "Mozilla/5.0 (Macintosh; Intel Mac OS X 10_15_7) AppleWebKit/537.36 (KHTML, like Gecko) Chrome/101.0.4951.54 Safari/537.36"
::1 - - [08/May/2022:03:04:59 +0000] "GET /item/list?pageno=2&count=5 HTTP/1.1" 304 - "http://localhost:9000/" "Mozilla/5.0 (Macintosh; Intel Mac OS X 10_15_7) AppleWebKit/537.36 (KHTML, like Gecko) Chrome/101.0.4951.54 Safari/537.36"
::1 - - [08/May/2022:03:05:01 +0000] "GET /item/list?pageno=3&count=5 HTTP/1.1" 304 - "http://localhost:9000/" "Mozilla/5.0 (Macintosh; Intel Mac OS X 10_15_7) AppleWebKit/537.36 (KHTML, like Gecko) Chrome/101.0.4951.54 Safari/537.36"
::1 - - [08/May/2022:03:05:21 +0000] "GET / HTTP/1.1" 200 - "-" "Mozilla/5.0 (Macintosh; Intel Mac OS X 10_15_7) AppleWebKit/537.36 (KHTML, like Gecko) Chrome/101.0.4951.54 Safari/537.36"
::1 - - [08/May/2022:03:05:21 +0000] "GET /css/common.css HTTP/1.1" 304 - "http://localhost:9000/" "Mozilla/5.0 (Macintosh; Intel Mac OS X 10_15_7) AppleWebKit/537.36 (KHTML, like Gecko) Chrome/101.0.4951.54 Safari/537.36"
::1 - - [08/May/2022:03:05:22 +0000] "GET /item/list?pageno=1&count=5 HTTP/1.1" 304 - "http://localhost:9000/" "Mozilla/5.0 (Macintosh; Intel Mac OS X 10_15_7) AppleWebKit/537.36 (KHTML, like Gecko) Chrome/101.0.4951.54 Safari/537.36"
::1 - - [08/May/2022:03:05:57 +0000] "GET / HTTP/1.1" 200 - "-" "Mozilla/5.0 (Macintosh; Intel Mac OS X 10_15_7) AppleWebKit/537.36 (KHTML, like Gecko) Chrome/101.0.4951.54 Safari/537.36"
::1 - - [08/May/2022:03:05:57 +0000] "GET /css/common.css HTTP/1.1" 304 - "http://localhost:9000/" "Mozilla/5.0 (Macintosh; Intel Mac OS X 10_15_7) AppleWebKit/537.36 (KHTML, like Gecko) Chrome/101.0.4951.54 Safari/537.36"
::1 - - [08/May/2022:03:05:59 +0000] "GET /item/list?pageno=1&count=5 HTTP/1.1" 304 - "http://localhost:9000/" "Mozilla/5.0 (Macintosh; Intel Mac OS X 10_15_7) AppleWebKit/537.36 (KHTML, like Gecko) Chrome/101.0.4951.54 Safari/537.36"
::1 - - [08/May/2022:03:06:00 +0000] "GET /item/list?pageno=2&count=5 HTTP/1.1" 304 - "http://localhost:9000/" "Mozilla/5.0 (Macintosh; Intel Mac OS X 10_15_7) AppleWebKit/537.36 (KHTML, like Gecko) Chrome/101.0.4951.54 Safari/537.36"
::1 - - [08/May/2022:03:06:02 +0000] "GET /item/list?pageno=3&count=5 HTTP/1.1" 304 - "http://localhost:9000/" "Mozilla/5.0 (Macintosh; Intel Mac OS X 10_15_7) AppleWebKit/537.36 (KHTML, like Gecko) Chrome/101.0.4951.54 Safari/537.36"
::1 - - [08/May/2022:03:06:57 +0000] "GET / HTTP/1.1" 200 - "-" "Mozilla/5.0 (Macintosh; Intel Mac OS X 10_15_7) AppleWebKit/537.36 (KHTML, like Gecko) Chrome/101.0.4951.54 Safari/537.36"
::1 - - [08/May/2022:03:06:57 +0000] "GET /css/common.css HTTP/1.1" 304 - "http://localhost:9000/" "Mozilla/5.0 (Macintosh; Intel Mac OS X 10_15_7) AppleWebKit/537.36 (KHTML, like Gecko) Chrome/101.0.4951.54 Safari/537.36"
::1 - - [08/May/2022:03:06:59 +0000] "GET /item/list?pageno=1&count=5 HTTP/1.1" 304 - "http://localhost:9000/" "Mozilla/5.0 (Macintosh; Intel Mac OS X 10_15_7) AppleWebKit/537.36 (KHTML, like Gecko) Chrome/101.0.4951.54 Safari/537.36"
::1 - - [08/May/2022:03:07:00 +0000] "GET /item/list?pageno=2&count=5 HTTP/1.1" 304 - "http://localhost:9000/" "Mozilla/5.0 (Macintosh; Intel Mac OS X 10_15_7) AppleWebKit/537.36 (KHTML, like Gecko) Chrome/101.0.4951.54 Safari/537.36"
::1 - - [08/May/2022:03:07:33 +0000] "GET / HTTP/1.1" 200 - "-" "Mozilla/5.0 (Macintosh; Intel Mac OS X 10_15_7) AppleWebKit/537.36 (KHTML, like Gecko) Chrome/101.0.4951.54 Safari/537.36"
::1 - - [08/May/2022:03:07:33 +0000] "GET /css/common.css HTTP/1.1" 304 - "http://localhost:9000/" "Mozilla/5.0 (Macintosh; Intel Mac OS X 10_15_7) AppleWebKit/537.36 (KHTML, like Gecko) Chrome/101.0.4951.54 Safari/537.36"
::1 - - [08/May/2022:03:07:34 +0000] "GET /item/list?pageno=1&count=5 HTTP/1.1" 304 - "http://localhost:9000/" "Mozilla/5.0 (Macintosh; Intel Mac OS X 10_15_7) AppleWebKit/537.36 (KHTML, like Gecko) Chrome/101.0.4951.54 Safari/537.36"
::1 - - [08/May/2022:03:07:35 +0000] "GET /item/list?pageno=2&count=5 HTTP/1.1" 304 - "http://localhost:9000/" "Mozilla/5.0 (Macintosh; Intel Mac OS X 10_15_7) AppleWebKit/537.36 (KHTML, like Gecko) Chrome/101.0.4951.54 Safari/537.36"
::1 - - [08/May/2022:03:07:37 +0000] "GET /item/list?pageno=3&count=5 HTTP/1.1" 304 - "http://localhost:9000/" "Mozilla/5.0 (Macintosh; Intel Mac OS X 10_15_7) AppleWebKit/537.36 (KHTML, like Gecko) Chrome/101.0.4951.54 Safari/537.36"
::1 - - [08/May/2022:03:07:39 +0000] "GET /item/list?pageno=4&count=5 HTTP/1.1" 304 - "http://localhost:9000/" "Mozilla/5.0 (Macintosh; Intel Mac OS X 10_15_7) AppleWebKit/537.36 (KHTML, like Gecko) Chrome/101.0.4951.54 Safari/537.36"
::1 - - [08/May/2022:03:07:41 +0000] "GET /item/list?pageno=5&count=5 HTTP/1.1" 304 - "http://localhost:9000/" "Mozilla/5.0 (Macintosh; Intel Mac OS X 10_15_7) AppleWebKit/537.36 (KHTML, like Gecko) Chrome/101.0.4951.54 Safari/537.36"
::1 - - [08/May/2022:03:07:42 +0000] "GET /item/list?pageno=6&count=5 HTTP/1.1" 304 - "http://localhost:9000/" "Mozilla/5.0 (Macintosh; Intel Mac OS X 10_15_7) AppleWebKit/537.36 (KHTML, like Gecko) Chrome/101.0.4951.54 Safari/537.36"
::1 - - [08/May/2022:03:07:44 +0000] "GET /item/list?pageno=7&count=5 HTTP/1.1" 304 - "http://localhost:9000/" "Mozilla/5.0 (Macintosh; Intel Mac OS X 10_15_7) AppleWebKit/537.36 (KHTML, like Gecko) Chrome/101.0.4951.54 Safari/537.36"
::1 - - [08/May/2022:03:07:48 +0000] "GET / HTTP/1.1" 304 - "-" "Mozilla/5.0 (Macintosh; Intel Mac OS X 10_15_7) AppleWebKit/537.36 (KHTML, like Gecko) Chrome/101.0.4951.54 Safari/537.36"
::1 - - [08/May/2022:03:07:48 +0000] "GET /css/common.css HTTP/1.1" 304 - "http://localhost:9000/" "Mozilla/5.0 (Macintosh; Intel Mac OS X 10_15_7) AppleWebKit/537.36 (KHTML, like Gecko) Chrome/101.0.4951.54 Safari/537.36"
::1 - - [08/May/2022:03:07:50 +0000] "GET /item/list?pageno=1&count=5 HTTP/1.1" 304 - "http://localhost:9000/" "Mozilla/5.0 (Macintosh; Intel Mac OS X 10_15_7) AppleWebKit/537.36 (KHTML, like Gecko) Chrome/101.0.4951.54 Safari/537.36"
::1 - - [08/May/2022:03:07:51 +0000] "GET /item/list?pageno=2&count=5 HTTP/1.1" 304 - "http://localhost:9000/" "Mozilla/5.0 (Macintosh; Intel Mac OS X 10_15_7) AppleWebKit/537.36 (KHTML, like Gecko) Chrome/101.0.4951.54 Safari/537.36"
::1 - - [08/May/2022:03:07:52 +0000] "GET /item/list?pageno=3&count=5 HTTP/1.1" 304 - "http://localhost:9000/" "Mozilla/5.0 (Macintosh; Intel Mac OS X 10_15_7) AppleWebKit/537.36 (KHTML, like Gecko) Chrome/101.0.4951.54 Safari/537.36"
::1 - - [08/May/2022:03:07:54 +0000] "GET /item/list?pageno=4&count=5 HTTP/1.1" 304 - "http://localhost:9000/" "Mozilla/5.0 (Macintosh; Intel Mac OS X 10_15_7) AppleWebKit/537.36 (KHTML, like Gecko) Chrome/101.0.4951.54 Safari/537.36"
::1 - - [08/May/2022:03:07:56 +0000] "GET /item/list?pageno=5&count=5 HTTP/1.1" 304 - "http://localhost:9000/" "Mozilla/5.0 (Macintosh; Intel Mac OS X 10_15_7) AppleWebKit/537.36 (KHTML, like Gecko) Chrome/101.0.4951.54 Safari/537.36"
::1 - - [08/May/2022:03:07:58 +0000] "GET /item/list?pageno=6&count=5 HTTP/1.1" 304 - "http://localhost:9000/" "Mozilla/5.0 (Macintosh; Intel Mac OS X 10_15_7) AppleWebKit/537.36 (KHTML, like Gecko) Chrome/101.0.4951.54 Safari/537.36"
::1 - - [08/May/2022:03:08:01 +0000] "GET /item/list?pageno=7&count=5 HTTP/1.1" 304 - "http://localhost:9000/" "Mozilla/5.0 (Macintosh; Intel Mac OS X 10_15_7) AppleWebKit/537.36 (KHTML, like Gecko) Chrome/101.0.4951.54 Safari/537.36"
::1 - - [08/May/2022:03:08:52 +0000] "GET / HTTP/1.1" 200 - "-" "Mozilla/5.0 (Macintosh; Intel Mac OS X 10_15_7) AppleWebKit/537.36 (KHTML, like Gecko) Chrome/101.0.4951.54 Safari/537.36"
::1 - - [08/May/2022:03:08:52 +0000] "GET /css/common.css HTTP/1.1" 304 - "http://localhost:9000/" "Mozilla/5.0 (Macintosh; Intel Mac OS X 10_15_7) AppleWebKit/537.36 (KHTML, like Gecko) Chrome/101.0.4951.54 Safari/537.36"
::1 - - [08/May/2022:03:08:53 +0000] "GET /item/list?pageno=1&count=5 HTTP/1.1" 304 - "http://localhost:9000/" "Mozilla/5.0 (Macintosh; Intel Mac OS X 10_15_7) AppleWebKit/537.36 (KHTML, like Gecko) Chrome/101.0.4951.54 Safari/537.36"
::1 - - [08/May/2022:03:08:55 +0000] "GET /item/list?pageno=1&count=5 HTTP/1.1" 304 - "http://localhost:9000/" "Mozilla/5.0 (Macintosh; Intel Mac OS X 10_15_7) AppleWebKit/537.36 (KHTML, like Gecko) Chrome/101.0.4951.54 Safari/537.36"
::1 - - [08/May/2022:03:08:56 +0000] "GET /item/list?pageno=1&count=5 HTTP/1.1" 304 - "http://localhost:9000/" "Mozilla/5.0 (Macintosh; Intel Mac OS X 10_15_7) AppleWebKit/537.36 (KHTML, like Gecko) Chrome/101.0.4951.54 Safari/537.36"
::1 - - [08/May/2022:03:08:57 +0000] "GET /item/list?pageno=2&count=5 HTTP/1.1" 304 - "http://localhost:9000/" "Mozilla/5.0 (Macintosh; Intel Mac OS X 10_15_7) AppleWebKit/537.36 (KHTML, like Gecko) Chrome/101.0.4951.54 Safari/537.36"
::1 - - [08/May/2022:03:08:58 +0000] "GET /item/list?pageno=2&count=5 HTTP/1.1" 304 - "http://localhost:9000/" "Mozilla/5.0 (Macintosh; Intel Mac OS X 10_15_7) AppleWebKit/537.36 (KHTML, like Gecko) Chrome/101.0.4951.54 Safari/537.36"
::1 - - [08/May/2022:03:08:59 +0000] "GET /item/list?pageno=3&count=5 HTTP/1.1" 304 - "http://localhost:9000/" "Mozilla/5.0 (Macintosh; Intel Mac OS X 10_15_7) AppleWebKit/537.36 (KHTML, like Gecko) Chrome/101.0.4951.54 Safari/537.36"
::1 - - [08/May/2022:03:09:01 +0000] "GET /item/list?pageno=4&count=5 HTTP/1.1" 304 - "http://localhost:9000/" "Mozilla/5.0 (Macintosh; Intel Mac OS X 10_15_7) AppleWebKit/537.36 (KHTML, like Gecko) Chrome/101.0.4951.54 Safari/537.36"
::1 - - [08/May/2022:03:09:02 +0000] "GET /item/list?pageno=5&count=5 HTTP/1.1" 304 - "http://localhost:9000/" "Mozilla/5.0 (Macintosh; Intel Mac OS X 10_15_7) AppleWebKit/537.36 (KHTML, like Gecko) Chrome/101.0.4951.54 Safari/537.36"
::1 - - [08/May/2022:03:09:04 +0000] "GET /item/list?pageno=6&count=5 HTTP/1.1" 304 - "http://localhost:9000/" "Mozilla/5.0 (Macintosh; Intel Mac OS X 10_15_7) AppleWebKit/537.36 (KHTML, like Gecko) Chrome/101.0.4951.54 Safari/537.36"
::1 - - [08/May/2022:03:09:07 +0000] "GET /item/list?pageno=7&count=5 HTTP/1.1" 304 - "http://localhost:9000/" "Mozilla/5.0 (Macintosh; Intel Mac OS X 10_15_7) AppleWebKit/537.36 (KHTML, like Gecko) Chrome/101.0.4951.54 Safari/537.36"
::1 - - [08/May/2022:03:09:08 +0000] "GET /item/list?pageno=8&count=5 HTTP/1.1" 200 22 "http://localhost:9000/" "Mozilla/5.0 (Macintosh; Intel Mac OS X 10_15_7) AppleWebKit/537.36 (KHTML, like Gecko) Chrome/101.0.4951.54 Safari/537.36"
::1 - - [08/May/2022:03:10:46 +0000] "GET / HTTP/1.1" 200 - "-" "Mozilla/5.0 (Macintosh; Intel Mac OS X 10_15_7) AppleWebKit/537.36 (KHTML, like Gecko) Chrome/101.0.4951.54 Safari/537.36"
::1 - - [08/May/2022:03:10:46 +0000] "GET /css/common.css HTTP/1.1" 304 - "http://localhost:9000/" "Mozilla/5.0 (Macintosh; Intel Mac OS X 10_15_7) AppleWebKit/537.36 (KHTML, like Gecko) Chrome/101.0.4951.54 Safari/537.36"
::1 - - [08/May/2022:03:10:47 +0000] "GET /item/list?pageno=1&count=5 HTTP/1.1" 304 - "http://localhost:9000/" "Mozilla/5.0 (Macintosh; Intel Mac OS X 10_15_7) AppleWebKit/537.36 (KHTML, like Gecko) Chrome/101.0.4951.54 Safari/537.36"
::1 - - [08/May/2022:03:10:49 +0000] "GET /item/list?pageno=2&count=5 HTTP/1.1" 304 - "http://localhost:9000/" "Mozilla/5.0 (Macintosh; Intel Mac OS X 10_15_7) AppleWebKit/537.36 (KHTML, like Gecko) Chrome/101.0.4951.54 Safari/537.36"
::1 - - [08/May/2022:03:10:49 +0000] "GET /item/list?pageno=3&count=5 HTTP/1.1" 304 - "http://localhost:9000/" "Mozilla/5.0 (Macintosh; Intel Mac OS X 10_15_7) AppleWebKit/537.36 (KHTML, like Gecko) Chrome/101.0.4951.54 Safari/537.36"
::1 - - [08/May/2022:03:10:51 +0000] "GET /item/list?pageno=4&count=5 HTTP/1.1" 304 - "http://localhost:9000/" "Mozilla/5.0 (Macintosh; Intel Mac OS X 10_15_7) AppleWebKit/537.36 (KHTML, like Gecko) Chrome/101.0.4951.54 Safari/537.36"
::1 - - [08/May/2022:03:10:52 +0000] "GET /item/list?pageno=5&count=5 HTTP/1.1" 304 - "http://localhost:9000/" "Mozilla/5.0 (Macintosh; Intel Mac OS X 10_15_7) AppleWebKit/537.36 (KHTML, like Gecko) Chrome/101.0.4951.54 Safari/537.36"
::1 - - [08/May/2022:03:10:54 +0000] "GET /item/list?pageno=6&count=5 HTTP/1.1" 304 - "http://localhost:9000/" "Mozilla/5.0 (Macintosh; Intel Mac OS X 10_15_7) AppleWebKit/537.36 (KHTML, like Gecko) Chrome/101.0.4951.54 Safari/537.36"
::1 - - [08/May/2022:03:10:55 +0000] "GET /item/list?pageno=7&count=5 HTTP/1.1" 304 - "http://localhost:9000/" "Mozilla/5.0 (Macintosh; Intel Mac OS X 10_15_7) AppleWebKit/537.36 (KHTML, like Gecko) Chrome/101.0.4951.54 Safari/537.36"
::1 - - [08/May/2022:03:10:58 +0000] "GET /item/list?pageno=8&count=5 HTTP/1.1" 304 - "http://localhost:9000/" "Mozilla/5.0 (Macintosh; Intel Mac OS X 10_15_7) AppleWebKit/537.36 (KHTML, like Gecko) Chrome/101.0.4951.54 Safari/537.36"
::1 - - [08/May/2022:03:11:37 +0000] "GET / HTTP/1.1" 200 - "-" "Mozilla/5.0 (Macintosh; Intel Mac OS X 10_15_7) AppleWebKit/537.36 (KHTML, like Gecko) Chrome/101.0.4951.54 Safari/537.36"
::1 - - [08/May/2022:03:11:37 +0000] "GET /css/common.css HTTP/1.1" 304 - "http://localhost:9000/" "Mozilla/5.0 (Macintosh; Intel Mac OS X 10_15_7) AppleWebKit/537.36 (KHTML, like Gecko) Chrome/101.0.4951.54 Safari/537.36"
::1 - - [08/May/2022:03:11:39 +0000] "GET /item/list?pageno=1&count=5 HTTP/1.1" 304 - "http://localhost:9000/" "Mozilla/5.0 (Macintosh; Intel Mac OS X 10_15_7) AppleWebKit/537.36 (KHTML, like Gecko) Chrome/101.0.4951.54 Safari/537.36"
::1 - - [08/May/2022:03:11:40 +0000] "GET /item/list?pageno=2&count=5 HTTP/1.1" 304 - "http://localhost:9000/" "Mozilla/5.0 (Macintosh; Intel Mac OS X 10_15_7) AppleWebKit/537.36 (KHTML, like Gecko) Chrome/101.0.4951.54 Safari/537.36"
::1 - - [08/May/2022:03:11:41 +0000] "GET /item/list?pageno=3&count=5 HTTP/1.1" 304 - "http://localhost:9000/" "Mozilla/5.0 (Macintosh; Intel Mac OS X 10_15_7) AppleWebKit/537.36 (KHTML, like Gecko) Chrome/101.0.4951.54 Safari/537.36"
::1 - - [08/May/2022:03:11:43 +0000] "GET /item/list?pageno=4&count=5 HTTP/1.1" 304 - "http://localhost:9000/" "Mozilla/5.0 (Macintosh; Intel Mac OS X 10_15_7) AppleWebKit/537.36 (KHTML, like Gecko) Chrome/101.0.4951.54 Safari/537.36"
::1 - - [08/May/2022:03:11:45 +0000] "GET /item/list?pageno=5&count=5 HTTP/1.1" 304 - "http://localhost:9000/" "Mozilla/5.0 (Macintosh; Intel Mac OS X 10_15_7) AppleWebKit/537.36 (KHTML, like Gecko) Chrome/101.0.4951.54 Safari/537.36"
::1 - - [08/May/2022:03:11:46 +0000] "GET /item/list?pageno=6&count=5 HTTP/1.1" 304 - "http://localhost:9000/" "Mozilla/5.0 (Macintosh; Intel Mac OS X 10_15_7) AppleWebKit/537.36 (KHTML, like Gecko) Chrome/101.0.4951.54 Safari/537.36"
::1 - - [08/May/2022:03:11:48 +0000] "GET /item/list?pageno=7&count=5 HTTP/1.1" 304 - "http://localhost:9000/" "Mozilla/5.0 (Macintosh; Intel Mac OS X 10_15_7) AppleWebKit/537.36 (KHTML, like Gecko) Chrome/101.0.4951.54 Safari/537.36"
::1 - - [08/May/2022:03:12:14 +0000] "GET / HTTP/1.1" 200 - "-" "Mozilla/5.0 (Macintosh; Intel Mac OS X 10_15_7) AppleWebKit/537.36 (KHTML, like Gecko) Chrome/101.0.4951.54 Safari/537.36"
::1 - - [08/May/2022:03:12:14 +0000] "GET /css/common.css HTTP/1.1" 304 - "http://localhost:9000/" "Mozilla/5.0 (Macintosh; Intel Mac OS X 10_15_7) AppleWebKit/537.36 (KHTML, like Gecko) Chrome/101.0.4951.54 Safari/537.36"
::1 - - [08/May/2022:03:12:15 +0000] "GET /item/list?pageno=1&count=5 HTTP/1.1" 304 - "http://localhost:9000/" "Mozilla/5.0 (Macintosh; Intel Mac OS X 10_15_7) AppleWebKit/537.36 (KHTML, like Gecko) Chrome/101.0.4951.54 Safari/537.36"
::1 - - [08/May/2022:03:12:16 +0000] "GET /item/list?pageno=2&count=5 HTTP/1.1" 304 - "http://localhost:9000/" "Mozilla/5.0 (Macintosh; Intel Mac OS X 10_15_7) AppleWebKit/537.36 (KHTML, like Gecko) Chrome/101.0.4951.54 Safari/537.36"
::1 - - [08/May/2022:03:12:17 +0000] "GET /item/list?pageno=3&count=5 HTTP/1.1" 304 - "http://localhost:9000/" "Mozilla/5.0 (Macintosh; Intel Mac OS X 10_15_7) AppleWebKit/537.36 (KHTML, like Gecko) Chrome/101.0.4951.54 Safari/537.36"
::1 - - [08/May/2022:03:12:18 +0000] "GET /item/list?pageno=4&count=5 HTTP/1.1" 304 - "http://localhost:9000/" "Mozilla/5.0 (Macintosh; Intel Mac OS X 10_15_7) AppleWebKit/537.36 (KHTML, like Gecko) Chrome/101.0.4951.54 Safari/537.36"
::1 - - [08/May/2022:03:12:20 +0000] "GET /item/list?pageno=5&count=5 HTTP/1.1" 304 - "http://localhost:9000/" "Mozilla/5.0 (Macintosh; Intel Mac OS X 10_15_7) AppleWebKit/537.36 (KHTML, like Gecko) Chrome/101.0.4951.54 Safari/537.36"
::1 - - [08/May/2022:03:12:21 +0000] "GET /item/list?pageno=6&count=5 HTTP/1.1" 304 - "http://localhost:9000/" "Mozilla/5.0 (Macintosh; Intel Mac OS X 10_15_7) AppleWebKit/537.36 (KHTML, like Gecko) Chrome/101.0.4951.54 Safari/537.36"
::1 - - [08/May/2022:03:12:24 +0000] "GET /item/list?pageno=7&count=5 HTTP/1.1" 304 - "http://localhost:9000/" "Mozilla/5.0 (Macintosh; Intel Mac OS X 10_15_7) AppleWebKit/537.36 (KHTML, like Gecko) Chrome/101.0.4951.54 Safari/537.36"
::1 - - [08/May/2022:03:12:25 +0000] "GET /item/list?pageno=8&count=5 HTTP/1.1" 304 - "http://localhost:9000/" "Mozilla/5.0 (Macintosh; Intel Mac OS X 10_15_7) AppleWebKit/537.36 (KHTML, like Gecko) Chrome/101.0.4951.54 Safari/537.36"
::1 - - [08/May/2022:03:12:50 +0000] "GET / HTTP/1.1" 200 - "-" "Mozilla/5.0 (Macintosh; Intel Mac OS X 10_15_7) AppleWebKit/537.36 (KHTML, like Gecko) Chrome/101.0.4951.54 Safari/537.36"
::1 - - [08/May/2022:03:12:50 +0000] "GET /css/common.css HTTP/1.1" 304 - "http://localhost:9000/" "Mozilla/5.0 (Macintosh; Intel Mac OS X 10_15_7) AppleWebKit/537.36 (KHTML, like Gecko) Chrome/101.0.4951.54 Safari/537.36"
::1 - - [08/May/2022:03:12:52 +0000] "GET /item/list?pageno=1&count=5 HTTP/1.1" 304 - "http://localhost:9000/" "Mozilla/5.0 (Macintosh; Intel Mac OS X 10_15_7) AppleWebKit/537.36 (KHTML, like Gecko) Chrome/101.0.4951.54 Safari/537.36"
::1 - - [08/May/2022:03:12:53 +0000] "GET /item/list?pageno=2&count=5 HTTP/1.1" 304 - "http://localhost:9000/" "Mozilla/5.0 (Macintosh; Intel Mac OS X 10_15_7) AppleWebKit/537.36 (KHTML, like Gecko) Chrome/101.0.4951.54 Safari/537.36"
::1 - - [08/May/2022:03:12:55 +0000] "GET /item/list?pageno=3&count=5 HTTP/1.1" 304 - "http://localhost:9000/" "Mozilla/5.0 (Macintosh; Intel Mac OS X 10_15_7) AppleWebKit/537.36 (KHTML, like Gecko) Chrome/101.0.4951.54 Safari/537.36"
::1 - - [08/May/2022:03:12:56 +0000] "GET /item/list?pageno=4&count=5 HTTP/1.1" 304 - "http://localhost:9000/" "Mozilla/5.0 (Macintosh; Intel Mac OS X 10_15_7) AppleWebKit/537.36 (KHTML, like Gecko) Chrome/101.0.4951.54 Safari/537.36"
::1 - - [08/May/2022:03:12:57 +0000] "GET /item/list?pageno=5&count=5 HTTP/1.1" 304 - "http://localhost:9000/" "Mozilla/5.0 (Macintosh; Intel Mac OS X 10_15_7) AppleWebKit/537.36 (KHTML, like Gecko) Chrome/101.0.4951.54 Safari/537.36"
::1 - - [08/May/2022:03:13:06 +0000] "GET / HTTP/1.1" 200 - "-" "Mozilla/5.0 (Macintosh; Intel Mac OS X 10_15_7) AppleWebKit/537.36 (KHTML, like Gecko) Chrome/101.0.4951.54 Safari/537.36"
::1 - - [08/May/2022:03:13:07 +0000] "GET /css/common.css HTTP/1.1" 304 - "http://localhost:9000/" "Mozilla/5.0 (Macintosh; Intel Mac OS X 10_15_7) AppleWebKit/537.36 (KHTML, like Gecko) Chrome/101.0.4951.54 Safari/537.36"
::1 - - [08/May/2022:03:13:08 +0000] "GET /item/list?pageno=1&count=5 HTTP/1.1" 304 - "http://localhost:9000/" "Mozilla/5.0 (Macintosh; Intel Mac OS X 10_15_7) AppleWebKit/537.36 (KHTML, like Gecko) Chrome/101.0.4951.54 Safari/537.36"
::1 - - [08/May/2022:03:13:09 +0000] "GET /item/list?pageno=2&count=5 HTTP/1.1" 304 - "http://localhost:9000/" "Mozilla/5.0 (Macintosh; Intel Mac OS X 10_15_7) AppleWebKit/537.36 (KHTML, like Gecko) Chrome/101.0.4951.54 Safari/537.36"
::1 - - [08/May/2022:03:13:10 +0000] "GET /item/list?pageno=3&count=5 HTTP/1.1" 304 - "http://localhost:9000/" "Mozilla/5.0 (Macintosh; Intel Mac OS X 10_15_7) AppleWebKit/537.36 (KHTML, like Gecko) Chrome/101.0.4951.54 Safari/537.36"
::1 - - [08/May/2022:03:13:12 +0000] "GET /item/list?pageno=4&count=5 HTTP/1.1" 304 - "http://localhost:9000/" "Mozilla/5.0 (Macintosh; Intel Mac OS X 10_15_7) AppleWebKit/537.36 (KHTML, like Gecko) Chrome/101.0.4951.54 Safari/537.36"
::1 - - [08/May/2022:03:13:13 +0000] "GET /item/list?pageno=5&count=5 HTTP/1.1" 304 - "http://localhost:9000/" "Mozilla/5.0 (Macintosh; Intel Mac OS X 10_15_7) AppleWebKit/537.36 (KHTML, like Gecko) Chrome/101.0.4951.54 Safari/537.36"
::1 - - [08/May/2022:03:13:14 +0000] "GET /item/list?pageno=6&count=5 HTTP/1.1" 304 - "http://localhost:9000/" "Mozilla/5.0 (Macintosh; Intel Mac OS X 10_15_7) AppleWebKit/537.36 (KHTML, like Gecko) Chrome/101.0.4951.54 Safari/537.36"
::1 - - [08/May/2022:03:13:25 +0000] "GET /item/list?pageno=5&count=5 HTTP/1.1" 304 - "http://localhost:9000/" "Mozilla/5.0 (Macintosh; Intel Mac OS X 10_15_7) AppleWebKit/537.36 (KHTML, like Gecko) Chrome/101.0.4951.54 Safari/537.36"
::1 - - [08/May/2022:03:13:27 +0000] "GET /item/list?pageno=6&count=5 HTTP/1.1" 304 - "http://localhost:9000/" "Mozilla/5.0 (Macintosh; Intel Mac OS X 10_15_7) AppleWebKit/537.36 (KHTML, like Gecko) Chrome/101.0.4951.54 Safari/537.36"
::1 - - [08/May/2022:03:13:32 +0000] "GET /item/list?pageno=5&count=5 HTTP/1.1" 304 - "http://localhost:9000/" "Mozilla/5.0 (Macintosh; Intel Mac OS X 10_15_7) AppleWebKit/537.36 (KHTML, like Gecko) Chrome/101.0.4951.54 Safari/537.36"
::1 - - [08/May/2022:03:13:33 +0000] "GET /item/list?pageno=5&count=5 HTTP/1.1" 304 - "http://localhost:9000/" "Mozilla/5.0 (Macintosh; Intel Mac OS X 10_15_7) AppleWebKit/537.36 (KHTML, like Gecko) Chrome/101.0.4951.54 Safari/537.36"
::1 - - [08/May/2022:03:13:36 +0000] "GET /item/list?pageno=6&count=5 HTTP/1.1" 304 - "http://localhost:9000/" "Mozilla/5.0 (Macintosh; Intel Mac OS X 10_15_7) AppleWebKit/537.36 (KHTML, like Gecko) Chrome/101.0.4951.54 Safari/537.36"
::1 - - [08/May/2022:03:13:38 +0000] "GET /item/list?pageno=5&count=5 HTTP/1.1" 304 - "http://localhost:9000/" "Mozilla/5.0 (Macintosh; Intel Mac OS X 10_15_7) AppleWebKit/537.36 (KHTML, like Gecko) Chrome/101.0.4951.54 Safari/537.36"
::1 - - [08/May/2022:03:14:19 +0000] "GET / HTTP/1.1" 200 - "-" "Mozilla/5.0 (Macintosh; Intel Mac OS X 10_15_7) AppleWebKit/537.36 (KHTML, like Gecko) Chrome/101.0.4951.54 Safari/537.36"
::1 - - [08/May/2022:03:14:19 +0000] "GET /css/common.css HTTP/1.1" 304 - "http://localhost:9000/" "Mozilla/5.0 (Macintosh; Intel Mac OS X 10_15_7) AppleWebKit/537.36 (KHTML, like Gecko) Chrome/101.0.4951.54 Safari/537.36"
::1 - - [08/May/2022:03:14:20 +0000] "GET /item/list?pageno=1&count=5 HTTP/1.1" 304 - "http://localhost:9000/" "Mozilla/5.0 (Macintosh; Intel Mac OS X 10_15_7) AppleWebKit/537.36 (KHTML, like Gecko) Chrome/101.0.4951.54 Safari/537.36"
::1 - - [08/May/2022:03:14:21 +0000] "GET /item/list?pageno=2&count=5 HTTP/1.1" 304 - "http://localhost:9000/" "Mozilla/5.0 (Macintosh; Intel Mac OS X 10_15_7) AppleWebKit/537.36 (KHTML, like Gecko) Chrome/101.0.4951.54 Safari/537.36"
::1 - - [08/May/2022:03:14:22 +0000] "GET /item/list?pageno=3&count=5 HTTP/1.1" 304 - "http://localhost:9000/" "Mozilla/5.0 (Macintosh; Intel Mac OS X 10_15_7) AppleWebKit/537.36 (KHTML, like Gecko) Chrome/101.0.4951.54 Safari/537.36"
::1 - - [08/May/2022:03:14:23 +0000] "GET /item/list?pageno=1&count=5 HTTP/1.1" 304 - "http://localhost:9000/" "Mozilla/5.0 (Macintosh; Intel Mac OS X 10_15_7) AppleWebKit/537.36 (KHTML, like Gecko) Chrome/101.0.4951.54 Safari/537.36"
::1 - - [08/May/2022:03:14:25 +0000] "GET /item/list?pageno=2&count=5 HTTP/1.1" 304 - "http://localhost:9000/" "Mozilla/5.0 (Macintosh; Intel Mac OS X 10_15_7) AppleWebKit/537.36 (KHTML, like Gecko) Chrome/101.0.4951.54 Safari/537.36"
::1 - - [08/May/2022:03:14:26 +0000] "GET /item/list?pageno=3&count=5 HTTP/1.1" 304 - "http://localhost:9000/" "Mozilla/5.0 (Macintosh; Intel Mac OS X 10_15_7) AppleWebKit/537.36 (KHTML, like Gecko) Chrome/101.0.4951.54 Safari/537.36"
::1 - - [08/May/2022:03:14:34 +0000] "GET /item/list?pageno=1&count=5 HTTP/1.1" 304 - "http://localhost:9000/" "Mozilla/5.0 (Macintosh; Intel Mac OS X 10_15_7) AppleWebKit/537.36 (KHTML, like Gecko) Chrome/101.0.4951.54 Safari/537.36"
::1 - - [08/May/2022:03:14:36 +0000] "GET /item/list?pageno=1&count=5 HTTP/1.1" 304 - "http://localhost:9000/" "Mozilla/5.0 (Macintosh; Intel Mac OS X 10_15_7) AppleWebKit/537.36 (KHTML, like Gecko) Chrome/101.0.4951.54 Safari/537.36"
::1 - - [08/May/2022:03:14:37 +0000] "GET /item/list?pageno=2&count=5 HTTP/1.1" 304 - "http://localhost:9000/" "Mozilla/5.0 (Macintosh; Intel Mac OS X 10_15_7) AppleWebKit/537.36 (KHTML, like Gecko) Chrome/101.0.4951.54 Safari/537.36"
::1 - - [08/May/2022:03:14:38 +0000] "GET /item/list?pageno=3&count=5 HTTP/1.1" 304 - "http://localhost:9000/" "Mozilla/5.0 (Macintosh; Intel Mac OS X 10_15_7) AppleWebKit/537.36 (KHTML, like Gecko) Chrome/101.0.4951.54 Safari/537.36"
::1 - - [08/May/2022:03:14:39 +0000] "GET /item/list?pageno=4&count=5 HTTP/1.1" 304 - "http://localhost:9000/" "Mozilla/5.0 (Macintosh; Intel Mac OS X 10_15_7) AppleWebKit/537.36 (KHTML, like Gecko) Chrome/101.0.4951.54 Safari/537.36"
::1 - - [08/May/2022:03:14:40 +0000] "GET /item/list?pageno=5&count=5 HTTP/1.1" 304 - "http://localhost:9000/" "Mozilla/5.0 (Macintosh; Intel Mac OS X 10_15_7) AppleWebKit/537.36 (KHTML, like Gecko) Chrome/101.0.4951.54 Safari/537.36"
::1 - - [08/May/2022:03:14:42 +0000] "GET /item/list?pageno=6&count=5 HTTP/1.1" 304 - "http://localhost:9000/" "Mozilla/5.0 (Macintosh; Intel Mac OS X 10_15_7) AppleWebKit/537.36 (KHTML, like Gecko) Chrome/101.0.4951.54 Safari/537.36"
::1 - - [08/May/2022:03:14:44 +0000] "GET /item/list?pageno=1&count=5 HTTP/1.1" 304 - "http://localhost:9000/" "Mozilla/5.0 (Macintosh; Intel Mac OS X 10_15_7) AppleWebKit/537.36 (KHTML, like Gecko) Chrome/101.0.4951.54 Safari/537.36"
::1 - - [08/May/2022:03:14:45 +0000] "GET /item/list?pageno=2&count=5 HTTP/1.1" 304 - "http://localhost:9000/" "Mozilla/5.0 (Macintosh; Intel Mac OS X 10_15_7) AppleWebKit/537.36 (KHTML, like Gecko) Chrome/101.0.4951.54 Safari/537.36"
::1 - - [08/May/2022:03:24:09 +0000] "GET /item/detail/itemid=1 HTTP/1.1" 404 159 "-" "Mozilla/5.0 (Macintosh; Intel Mac OS X 10_15_7) AppleWebKit/537.36 (KHTML, like Gecko) Chrome/101.0.4951.54 Safari/537.36"
::1 - - [08/May/2022:03:24:40 +0000] "GET /item/detail?itemid=1 HTTP/1.1" 200 166 "-" "Mozilla/5.0 (Macintosh; Intel Mac OS X 10_15_7) AppleWebKit/537.36 (KHTML, like Gecko) Chrome/101.0.4951.54 Safari/537.36"
::1 - - [08/May/2022:03:30:36 +0000] "GET / HTTP/1.1" 200 - "-" "Mozilla/5.0 (Macintosh; Intel Mac OS X 10_15_7) AppleWebKit/537.36 (KHTML, like Gecko) Chrome/101.0.4951.54 Safari/537.36"
::1 - - [08/May/2022:03:30:36 +0000] "GET /css/common.css HTTP/1.1" 304 - "http://localhost:9000/" "Mozilla/5.0 (Macintosh; Intel Mac OS X 10_15_7) AppleWebKit/537.36 (KHTML, like Gecko) Chrome/101.0.4951.54 Safari/537.36"
::1 - - [08/May/2022:03:30:38 +0000] "GET /item/list?pageno=1&count=5 HTTP/1.1" 304 - "http://localhost:9000/" "Mozilla/5.0 (Macintosh; Intel Mac OS X 10_15_7) AppleWebKit/537.36 (KHTML, like Gecko) Chrome/101.0.4951.54 Safari/537.36"
::1 - - [08/May/2022:03:31:42 +0000] "GET / HTTP/1.1" 200 - "-" "Mozilla/5.0 (Macintosh; Intel Mac OS X 10_15_7) AppleWebKit/537.36 (KHTML, like Gecko) Chrome/101.0.4951.54 Safari/537.36"
::1 - - [08/May/2022:03:31:42 +0000] "GET /css/common.css HTTP/1.1" 304 - "http://localhost:9000/" "Mozilla/5.0 (Macintosh; Intel Mac OS X 10_15_7) AppleWebKit/537.36 (KHTML, like Gecko) Chrome/101.0.4951.54 Safari/537.36"
::1 - - [08/May/2022:03:32:16 +0000] "GET / HTTP/1.1" 200 - "-" "Mozilla/5.0 (Macintosh; Intel Mac OS X 10_15_7) AppleWebKit/537.36 (KHTML, like Gecko) Chrome/101.0.4951.54 Safari/537.36"
::1 - - [08/May/2022:03:32:16 +0000] "GET /css/common.css HTTP/1.1" 304 - "http://localhost:9000/" "Mozilla/5.0 (Macintosh; Intel Mac OS X 10_15_7) AppleWebKit/537.36 (KHTML, like Gecko) Chrome/101.0.4951.54 Safari/537.36"
::1 - - [08/May/2022:03:32:48 +0000] "GET / HTTP/1.1" 200 - "-" "Mozilla/5.0 (Macintosh; Intel Mac OS X 10_15_7) AppleWebKit/537.36 (KHTML, like Gecko) Chrome/101.0.4951.54 Safari/537.36"
::1 - - [08/May/2022:03:32:48 +0000] "GET /css/common.css HTTP/1.1" 304 - "http://localhost:9000/" "Mozilla/5.0 (Macintosh; Intel Mac OS X 10_15_7) AppleWebKit/537.36 (KHTML, like Gecko) Chrome/101.0.4951.54 Safari/537.36"
::1 - - [08/May/2022:03:32:51 +0000] "GET /item/list?pageno=1&count=5 HTTP/1.1" 304 - "http://localhost:9000/" "Mozilla/5.0 (Macintosh; Intel Mac OS X 10_15_7) AppleWebKit/537.36 (KHTML, like Gecko) Chrome/101.0.4951.54 Safari/537.36"
::1 - - [08/May/2022:03:33:50 +0000] "GET /item/detail?itemid=30 HTTP/1.1" 200 200 "http://localhost:9000/" "Mozilla/5.0 (Macintosh; Intel Mac OS X 10_15_7) AppleWebKit/537.36 (KHTML, like Gecko) Chrome/101.0.4951.54 Safari/537.36"
::1 - - [08/May/2022:03:39:34 +0000] "GET /item/detail?itemid=30 HTTP/1.1" 304 - "http://localhost:9000/" "Mozilla/5.0 (Macintosh; Intel Mac OS X 10_15_7) AppleWebKit/537.36 (KHTML, like Gecko) Chrome/101.0.4951.54 Safari/537.36"
::1 - - [08/May/2022:03:39:38 +0000] "GET / HTTP/1.1" 200 - "-" "Mozilla/5.0 (Macintosh; Intel Mac OS X 10_15_7) AppleWebKit/537.36 (KHTML, like Gecko) Chrome/101.0.4951.54 Safari/537.36"
::1 - - [08/May/2022:03:39:38 +0000] "GET /css/common.css HTTP/1.1" 304 - "http://localhost:9000/" "Mozilla/5.0 (Macintosh; Intel Mac OS X 10_15_7) AppleWebKit/537.36 (KHTML, like Gecko) Chrome/101.0.4951.54 Safari/537.36"
::1 - - [08/May/2022:03:39:39 +0000] "GET / HTTP/1.1" 304 - "-" "Mozilla/5.0 (Macintosh; Intel Mac OS X 10_15_7) AppleWebKit/537.36 (KHTML, like Gecko) Chrome/101.0.4951.54 Safari/537.36"
::1 - - [08/May/2022:03:39:39 +0000] "GET /css/common.css HTTP/1.1" 304 - "http://localhost:9000/" "Mozilla/5.0 (Macintosh; Intel Mac OS X 10_15_7) AppleWebKit/537.36 (KHTML, like Gecko) Chrome/101.0.4951.54 Safari/537.36"
::1 - - [08/May/2022:03:39:44 +0000] "GET /item/list?pageno=1&count=5 HTTP/1.1" 304 - "http://localhost:9000/" "Mozilla/5.0 (Macintosh; Intel Mac OS X 10_15_7) AppleWebKit/537.36 (KHTML, like Gecko) Chrome/101.0.4951.54 Safari/537.36"
::1 - - [08/May/2022:03:40:09 +0000] "GET / HTTP/1.1" 200 - "-" "Mozilla/5.0 (Macintosh; Intel Mac OS X 10_15_7) AppleWebKit/537.36 (KHTML, like Gecko) Chrome/101.0.4951.54 Safari/537.36"
::1 - - [08/May/2022:03:40:09 +0000] "GET /css/common.css HTTP/1.1" 304 - "http://localhost:9000/" "Mozilla/5.0 (Macintosh; Intel Mac OS X 10_15_7) AppleWebKit/537.36 (KHTML, like Gecko) Chrome/101.0.4951.54 Safari/537.36"
::1 - - [08/May/2022:03:40:11 +0000] "GET /item/list?pageno=1&count=5 HTTP/1.1" 304 - "http://localhost:9000/" "Mozilla/5.0 (Macintosh; Intel Mac OS X 10_15_7) AppleWebKit/537.36 (KHTML, like Gecko) Chrome/101.0.4951.54 Safari/537.36"
::1 - - [08/May/2022:03:42:27 +0000] "GET / HTTP/1.1" 200 - "-" "Mozilla/5.0 (Macintosh; Intel Mac OS X 10_15_7) AppleWebKit/537.36 (KHTML, like Gecko) Chrome/101.0.4951.54 Safari/537.36"
::1 - - [08/May/2022:03:42:27 +0000] "GET /css/common.css HTTP/1.1" 304 - "http://localhost:9000/" "Mozilla/5.0 (Macintosh; Intel Mac OS X 10_15_7) AppleWebKit/537.36 (KHTML, like Gecko) Chrome/101.0.4951.54 Safari/537.36"
::1 - - [08/May/2022:03:42:44 +0000] "GET / HTTP/1.1" 200 - "-" "Mozilla/5.0 (Macintosh; Intel Mac OS X 10_15_7) AppleWebKit/537.36 (KHTML, like Gecko) Chrome/101.0.4951.54 Safari/537.36"
::1 - - [08/May/2022:03:42:44 +0000] "GET /css/common.css HTTP/1.1" 304 - "http://localhost:9000/" "Mozilla/5.0 (Macintosh; Intel Mac OS X 10_15_7) AppleWebKit/537.36 (KHTML, like Gecko) Chrome/101.0.4951.54 Safari/537.36"
::1 - - [08/May/2022:03:42:46 +0000] "GET /item/list?pageno=1&count=5 HTTP/1.1" 304 - "http://localhost:9000/" "Mozilla/5.0 (Macintosh; Intel Mac OS X 10_15_7) AppleWebKit/537.36 (KHTML, like Gecko) Chrome/101.0.4951.54 Safari/537.36"
::1 - - [08/May/2022:03:43:05 +0000] "GET / HTTP/1.1" 200 - "-" "Mozilla/5.0 (Macintosh; Intel Mac OS X 10_15_7) AppleWebKit/537.36 (KHTML, like Gecko) Chrome/101.0.4951.54 Safari/537.36"
::1 - - [08/May/2022:03:43:05 +0000] "GET /css/common.css HTTP/1.1" 304 - "http://localhost:9000/" "Mozilla/5.0 (Macintosh; Intel Mac OS X 10_15_7) AppleWebKit/537.36 (KHTML, like Gecko) Chrome/101.0.4951.54 Safari/537.36"
::1 - - [08/May/2022:03:43:06 +0000] "GET /item/list?pageno=1&count=5 HTTP/1.1" 304 - "http://localhost:9000/" "Mozilla/5.0 (Macintosh; Intel Mac OS X 10_15_7) AppleWebKit/537.36 (KHTML, like Gecko) Chrome/101.0.4951.54 Safari/537.36"
::1 - - [08/May/2022:03:43:46 +0000] "GET / HTTP/1.1" 200 - "-" "Mozilla/5.0 (Macintosh; Intel Mac OS X 10_15_7) AppleWebKit/537.36 (KHTML, like Gecko) Chrome/101.0.4951.54 Safari/537.36"
::1 - - [08/May/2022:03:43:46 +0000] "GET /css/common.css HTTP/1.1" 304 - "http://localhost:9000/" "Mozilla/5.0 (Macintosh; Intel Mac OS X 10_15_7) AppleWebKit/537.36 (KHTML, like Gecko) Chrome/101.0.4951.54 Safari/537.36"
::1 - - [08/May/2022:03:43:47 +0000] "GET /item/list?pageno=1&count=5 HTTP/1.1" 304 - "http://localhost:9000/" "Mozilla/5.0 (Macintosh; Intel Mac OS X 10_15_7) AppleWebKit/537.36 (KHTML, like Gecko) Chrome/101.0.4951.54 Safari/537.36"
::1 - - [08/May/2022:03:43:51 +0000] "GET /item/list?pageno=2&count=5 HTTP/1.1" 304 - "http://localhost:9000/" "Mozilla/5.0 (Macintosh; Intel Mac OS X 10_15_7) AppleWebKit/537.36 (KHTML, like Gecko) Chrome/101.0.4951.54 Safari/537.36"
::1 - - [08/May/2022:03:45:22 +0000] "GET / HTTP/1.1" 200 - "-" "Mozilla/5.0 (Macintosh; Intel Mac OS X 10_15_7) AppleWebKit/537.36 (KHTML, like Gecko) Chrome/101.0.4951.54 Safari/537.36"
::1 - - [08/May/2022:03:45:22 +0000] "GET /css/common.css HTTP/1.1" 304 - "http://localhost:9000/" "Mozilla/5.0 (Macintosh; Intel Mac OS X 10_15_7) AppleWebKit/537.36 (KHTML, like Gecko) Chrome/101.0.4951.54 Safari/537.36"
::1 - - [08/May/2022:03:45:23 +0000] "GET /item/list?pageno=1&count=5 HTTP/1.1" 304 - "http://localhost:9000/" "Mozilla/5.0 (Macintosh; Intel Mac OS X 10_15_7) AppleWebKit/537.36 (KHTML, like Gecko) Chrome/101.0.4951.54 Safari/537.36"
::1 - - [08/May/2022:03:45:30 +0000] "GET /item/list?pageno=2&count=5 HTTP/1.1" 304 - "http://localhost:9000/" "Mozilla/5.0 (Macintosh; Intel Mac OS X 10_15_7) AppleWebKit/537.36 (KHTML, like Gecko) Chrome/101.0.4951.54 Safari/537.36"
::1 - - [08/May/2022:03:46:56 +0000] "GET / HTTP/1.1" 200 - "-" "Mozilla/5.0 (Macintosh; Intel Mac OS X 10_15_7) AppleWebKit/537.36 (KHTML, like Gecko) Chrome/101.0.4951.54 Safari/537.36"
::1 - - [08/May/2022:03:46:56 +0000] "GET /css/common.css HTTP/1.1" 304 - "http://localhost:9000/" "Mozilla/5.0 (Macintosh; Intel Mac OS X 10_15_7) AppleWebKit/537.36 (KHTML, like Gecko) Chrome/101.0.4951.54 Safari/537.36"
::1 - - [08/May/2022:03:47:19 +0000] "GET / HTTP/1.1" 200 - "-" "Mozilla/5.0 (Macintosh; Intel Mac OS X 10_15_7) AppleWebKit/537.36 (KHTML, like Gecko) Chrome/101.0.4951.54 Safari/537.36"
::1 - - [08/May/2022:03:47:20 +0000] "GET /css/common.css HTTP/1.1" 304 - "http://localhost:9000/" "Mozilla/5.0 (Macintosh; Intel Mac OS X 10_15_7) AppleWebKit/537.36 (KHTML, like Gecko) Chrome/101.0.4951.54 Safari/537.36"
::1 - - [08/May/2022:03:47:20 +0000] "GET /item/list?pageno=1&count=5 HTTP/1.1" 304 - "http://localhost:9000/" "Mozilla/5.0 (Macintosh; Intel Mac OS X 10_15_7) AppleWebKit/537.36 (KHTML, like Gecko) Chrome/101.0.4951.54 Safari/537.36"
::1 - - [08/May/2022:03:47:45 +0000] "GET / HTTP/1.1" 200 - "-" "Mozilla/5.0 (Macintosh; Intel Mac OS X 10_15_7) AppleWebKit/537.36 (KHTML, like Gecko) Chrome/101.0.4951.54 Safari/537.36"
::1 - - [08/May/2022:03:47:45 +0000] "GET /css/common.css HTTP/1.1" 304 - "http://localhost:9000/" "Mozilla/5.0 (Macintosh; Intel Mac OS X 10_15_7) AppleWebKit/537.36 (KHTML, like Gecko) Chrome/101.0.4951.54 Safari/537.36"
::1 - - [08/May/2022:03:47:46 +0000] "GET /item/list?pageno=1&count=5 HTTP/1.1" 304 - "http://localhost:9000/" "Mozilla/5.0 (Macintosh; Intel Mac OS X 10_15_7) AppleWebKit/537.36 (KHTML, like Gecko) Chrome/101.0.4951.54 Safari/537.36"
::1 - - [08/May/2022:03:48:59 +0000] "GET / HTTP/1.1" 200 - "-" "Mozilla/5.0 (Macintosh; Intel Mac OS X 10_15_7) AppleWebKit/537.36 (KHTML, like Gecko) Chrome/101.0.4951.54 Safari/537.36"
::1 - - [08/May/2022:03:48:59 +0000] "GET /css/common.css HTTP/1.1" 304 - "http://localhost:9000/" "Mozilla/5.0 (Macintosh; Intel Mac OS X 10_15_7) AppleWebKit/537.36 (KHTML, like Gecko) Chrome/101.0.4951.54 Safari/537.36"
::1 - - [08/May/2022:03:49:00 +0000] "GET /item/list?pageno=1&count=5 HTTP/1.1" 304 - "http://localhost:9000/" "Mozilla/5.0 (Macintosh; Intel Mac OS X 10_15_7) AppleWebKit/537.36 (KHTML, like Gecko) Chrome/101.0.4951.54 Safari/537.36"
::1 - - [08/May/2022:03:49:01 +0000] "GET /item/detail?itemid=30 HTTP/1.1" 304 - "http://localhost:9000/" "Mozilla/5.0 (Macintosh; Intel Mac OS X 10_15_7) AppleWebKit/537.36 (KHTML, like Gecko) Chrome/101.0.4951.54 Safari/537.36"
::1 - - [08/May/2022:03:49:42 +0000] "GET /item/detail?itemid=30 HTTP/1.1" 304 - "http://localhost:9000/" "Mozilla/5.0 (Macintosh; Intel Mac OS X 10_15_7) AppleWebKit/537.36 (KHTML, like Gecko) Chrome/101.0.4951.54 Safari/537.36"
::1 - - [08/May/2022:03:50:03 +0000] "GET / HTTP/1.1" 200 - "-" "Mozilla/5.0 (Macintosh; Intel Mac OS X 10_15_7) AppleWebKit/537.36 (KHTML, like Gecko) Chrome/101.0.4951.54 Safari/537.36"
::1 - - [08/May/2022:03:50:03 +0000] "GET /css/common.css HTTP/1.1" 304 - "http://localhost:9000/" "Mozilla/5.0 (Macintosh; Intel Mac OS X 10_15_7) AppleWebKit/537.36 (KHTML, like Gecko) Chrome/101.0.4951.54 Safari/537.36"
::1 - - [08/May/2022:03:50:05 +0000] "GET /item/list?pageno=1&count=5 HTTP/1.1" 304 - "http://localhost:9000/" "Mozilla/5.0 (Macintosh; Intel Mac OS X 10_15_7) AppleWebKit/537.36 (KHTML, like Gecko) Chrome/101.0.4951.54 Safari/537.36"
::1 - - [08/May/2022:03:50:06 +0000] "GET /item/detail?itemid=30 HTTP/1.1" 304 - "http://localhost:9000/" "Mozilla/5.0 (Macintosh; Intel Mac OS X 10_15_7) AppleWebKit/537.36 (KHTML, like Gecko) Chrome/101.0.4951.54 Safari/537.36"
::1 - - [08/May/2022:04:04:06 +0000] "GET / HTTP/1.1" 200 - "-" "Mozilla/5.0 (Macintosh; Intel Mac OS X 10_15_7) AppleWebKit/537.36 (KHTML, like Gecko) Chrome/101.0.4951.54 Safari/537.36"
::1 - - [08/May/2022:04:04:06 +0000] "GET /css/common.css HTTP/1.1" 304 - "http://localhost:9000/" "Mozilla/5.0 (Macintosh; Intel Mac OS X 10_15_7) AppleWebKit/537.36 (KHTML, like Gecko) Chrome/101.0.4951.54 Safari/537.36"
::1 - - [08/May/2022:04:04:07 +0000] "GET /item/list?pageno=1&count=5 HTTP/1.1" 304 - "http://localhost:9000/" "Mozilla/5.0 (Macintosh; Intel Mac OS X 10_15_7) AppleWebKit/537.36 (KHTML, like Gecko) Chrome/101.0.4951.54 Safari/537.36"
::1 - - [08/May/2022:04:04:09 +0000] "GET /item/detail?itemid=30 HTTP/1.1" 304 - "http://localhost:9000/" "Mozilla/5.0 (Macintosh; Intel Mac OS X 10_15_7) AppleWebKit/537.36 (KHTML, like Gecko) Chrome/101.0.4951.54 Safari/537.36"
::1 - - [08/May/2022:04:04:09 +0000] "GET /img/grape.jpg HTTP/1.1" 404 152 "http://localhost:9000/" "Mozilla/5.0 (Macintosh; Intel Mac OS X 10_15_7) AppleWebKit/537.36 (KHTML, like Gecko) Chrome/101.0.4951.54 Safari/537.36"
::1 - - [08/May/2022:04:04:41 +0000] "GET / HTTP/1.1" 304 - "-" "Mozilla/5.0 (Macintosh; Intel Mac OS X 10_15_7) AppleWebKit/537.36 (KHTML, like Gecko) Chrome/101.0.4951.54 Safari/537.36"
::1 - - [08/May/2022:04:04:41 +0000] "GET /css/common.css HTTP/1.1" 304 - "http://localhost:9000/" "Mozilla/5.0 (Macintosh; Intel Mac OS X 10_15_7) AppleWebKit/537.36 (KHTML, like Gecko) Chrome/101.0.4951.54 Safari/537.36"
::1 - - [08/May/2022:04:04:42 +0000] "GET /item/list?pageno=1&count=5 HTTP/1.1" 304 - "http://localhost:9000/" "Mozilla/5.0 (Macintosh; Intel Mac OS X 10_15_7) AppleWebKit/537.36 (KHTML, like Gecko) Chrome/101.0.4951.54 Safari/537.36"
::1 - - [08/May/2022:04:04:43 +0000] "GET /item/detail?itemid=30 HTTP/1.1" 304 - "http://localhost:9000/" "Mozilla/5.0 (Macintosh; Intel Mac OS X 10_15_7) AppleWebKit/537.36 (KHTML, like Gecko) Chrome/101.0.4951.54 Safari/537.36"
::1 - - [08/May/2022:04:04:43 +0000] "GET /img/grape.jpg HTTP/1.1" 200 36844 "http://localhost:9000/" "Mozilla/5.0 (Macintosh; Intel Mac OS X 10_15_7) AppleWebKit/537.36 (KHTML, like Gecko) Chrome/101.0.4951.54 Safari/537.36"
::1 - - [08/May/2022:04:06:27 +0000] "GET / HTTP/1.1" 200 - "-" "Mozilla/5.0 (Macintosh; Intel Mac OS X 10_15_7) AppleWebKit/537.36 (KHTML, like Gecko) Chrome/101.0.4951.54 Safari/537.36"
::1 - - [08/May/2022:04:06:27 +0000] "GET /css/common.css HTTP/1.1" 304 - "http://localhost:9000/" "Mozilla/5.0 (Macintosh; Intel Mac OS X 10_15_7) AppleWebKit/537.36 (KHTML, like Gecko) Chrome/101.0.4951.54 Safari/537.36"
::1 - - [08/May/2022:04:06:28 +0000] "GET /item/list?pageno=1&count=5 HTTP/1.1" 304 - "http://localhost:9000/" "Mozilla/5.0 (Macintosh; Intel Mac OS X 10_15_7) AppleWebKit/537.36 (KHTML, like Gecko) Chrome/101.0.4951.54 Safari/537.36"
::1 - - [08/May/2022:04:07:23 +0000] "GET / HTTP/1.1" 200 - "-" "Mozilla/5.0 (Macintosh; Intel Mac OS X 10_15_7) AppleWebKit/537.36 (KHTML, like Gecko) Chrome/101.0.4951.54 Safari/537.36"
::1 - - [08/May/2022:04:07:23 +0000] "GET /css/common.css HTTP/1.1" 304 - "http://localhost:9000/" "Mozilla/5.0 (Macintosh; Intel Mac OS X 10_15_7) AppleWebKit/537.36 (KHTML, like Gecko) Chrome/101.0.4951.54 Safari/537.36"
::1 - - [08/May/2022:04:07:24 +0000] "GET /item/list?pageno=1&count=5 HTTP/1.1" 304 - "http://localhost:9000/" "Mozilla/5.0 (Macintosh; Intel Mac OS X 10_15_7) AppleWebKit/537.36 (KHTML, like Gecko) Chrome/101.0.4951.54 Safari/537.36"
::1 - - [08/May/2022:04:07:26 +0000] "GET /item/detail?itemid=30 HTTP/1.1" 304 - "http://localhost:9000/" "Mozilla/5.0 (Macintosh; Intel Mac OS X 10_15_7) AppleWebKit/537.36 (KHTML, like Gecko) Chrome/101.0.4951.54 Safari/537.36"
::1 - - [08/May/2022:04:07:26 +0000] "GET /img/grape.jpg HTTP/1.1" 304 - "http://localhost:9000/" "Mozilla/5.0 (Macintosh; Intel Mac OS X 10_15_7) AppleWebKit/537.36 (KHTML, like Gecko) Chrome/101.0.4951.54 Safari/537.36"
::1 - - [08/May/2022:04:10:21 +0000] "GET / HTTP/1.1" 200 - "-" "Mozilla/5.0 (Macintosh; Intel Mac OS X 10_15_7) AppleWebKit/537.36 (KHTML, like Gecko) Chrome/101.0.4951.54 Safari/537.36"
::1 - - [08/May/2022:04:10:21 +0000] "GET /css/common.css HTTP/1.1" 304 - "http://localhost:9000/" "Mozilla/5.0 (Macintosh; Intel Mac OS X 10_15_7) AppleWebKit/537.36 (KHTML, like Gecko) Chrome/101.0.4951.54 Safari/537.36"
::1 - - [08/May/2022:04:10:22 +0000] "GET /item/list?pageno=1&count=5 HTTP/1.1" 304 - "http://localhost:9000/" "Mozilla/5.0 (Macintosh; Intel Mac OS X 10_15_7) AppleWebKit/537.36 (KHTML, like Gecko) Chrome/101.0.4951.54 Safari/537.36"
::1 - - [08/May/2022:04:10:24 +0000] "GET /item/detail?itemid=30 HTTP/1.1" 304 - "http://localhost:9000/" "Mozilla/5.0 (Macintosh; Intel Mac OS X 10_15_7) AppleWebKit/537.36 (KHTML, like Gecko) Chrome/101.0.4951.54 Safari/537.36"
::1 - - [08/May/2022:04:10:24 +0000] "GET /img/grape.jpg HTTP/1.1" 304 - "http://localhost:9000/" "Mozilla/5.0 (Macintosh; Intel Mac OS X 10_15_7) AppleWebKit/537.36 (KHTML, like Gecko) Chrome/101.0.4951.54 Safari/537.36"
::1 - - [08/May/2022:04:10:25 +0000] "GET /item/list?pageno=1&count=5 HTTP/1.1" 304 - "http://localhost:9000/" "Mozilla/5.0 (Macintosh; Intel Mac OS X 10_15_7) AppleWebKit/537.36 (KHTML, like Gecko) Chrome/101.0.4951.54 Safari/537.36"
::1 - - [08/May/2022:04:10:27 +0000] "GET /item/list?pageno=2&count=5 HTTP/1.1" 304 - "http://localhost:9000/" "Mozilla/5.0 (Macintosh; Intel Mac OS X 10_15_7) AppleWebKit/537.36 (KHTML, like Gecko) Chrome/101.0.4951.54 Safari/537.36"
